gpasm-1.4.0 #1106 (Oct  6 2014) obj\Debug\Cou   12-27-2019  16:45:00        PAGE  1


LOC    OBJECT CODE    LINE  SOURCE TEXT
  VALUE

                      00001 ;--------------------------------------------------------
                      00002 ; File Created by SDCC : free open source ANSI-C Compiler
                      00003 ; Version 3.5.0 #9253 (Jun 20 2015) (MINGW32)
                      00004 ; This file was generated Fri Dec 27 16:45:00 2019
                      00005 ;--------------------------------------------------------
                      00006 ; PIC port for the 14-bit core
                      00007 ;--------------------------------------------------------
                      00008         .file   "Counter.c"
                      00009         list    p=16f877a
                      00010         radix dec
                      00011         include "p16f877a.inc"
                      00001         LIST
                      00002 
                      00003 ;==========================================================================
                      00004 ; Build date : Aug 07 2014
                      00005 ;  MPASM PIC16F877A processor include
                      00006 ; 
                      00007 ;  (c) Copyright 1999-2014 Microchip Technology, All rights reserved
                      00008 ;==========================================================================
                      00009 
                      00567         LIST
                      00012 ;--------------------------------------------------------
                      00013 ; external declarations
                      00014 ;--------------------------------------------------------
  0000                00015         extern  _OS_Init
  0000                00016         extern  _OS_Start
  0000                00017         extern  _OS_GoToSleep
  0000                00018         extern  _OS_Update
  0000                00019         extern  _OS_Schedule
  0000                00020         extern  _SW_Init
  0000                00021         extern  _SW_GetState
  0000                00022         extern  _SW_Update
  0000                00023         extern  _STATUSbits
  0000                00024         extern  _PORTAbits
  0000                00025         extern  _PORTBbits
  0000                00026         extern  _PORTCbits
  0000                00027         extern  _PORTDbits
  0000                00028         extern  _PORTEbits
  0000                00029         extern  _INTCONbits
  0000                00030         extern  _PIR1bits
  0000                00031         extern  _PIR2bits
  0000                00032         extern  _T1CONbits
  0000                00033         extern  _T2CONbits
  0000                00034         extern  _SSPCONbits
  0000                00035         extern  _CCP1CONbits
  0000                00036         extern  _RCSTAbits
  0000                00037         extern  _CCP2CONbits
  0000                00038         extern  _ADCON0bits
  0000                00039         extern  _OPTION_REGbits
  0000                00040         extern  _TRISAbits
  0000                00041         extern  _TRISBbits
  0000                00042         extern  _TRISCbits
  0000                00043         extern  _TRISDbits
gpasm-1.4.0 #1106 (Oct  6 2014) obj\Debug\Cou   12-27-2019  16:45:00        PAGE  2


LOC    OBJECT CODE    LINE  SOURCE TEXT
  VALUE

  0000                00044         extern  _TRISEbits
  0000                00045         extern  _PIE1bits
  0000                00046         extern  _PIE2bits
  0000                00047         extern  _PCONbits
  0000                00048         extern  _SSPCON2bits
  0000                00049         extern  _SSPSTATbits
  0000                00050         extern  _TXSTAbits
  0000                00051         extern  _CMCONbits
  0000                00052         extern  _CVRCONbits
  0000                00053         extern  _ADCON1bits
  0000                00054         extern  _EECON1bits
  0000                00055         extern  _INDF
  0000                00056         extern  _TMR0
  0000                00057         extern  _PCL
  0000                00058         extern  _STATUS
  0000                00059         extern  _FSR
  0000                00060         extern  _PORTA
  0000                00061         extern  _PORTB
  0000                00062         extern  _PORTC
  0000                00063         extern  _PORTD
  0000                00064         extern  _PORTE
  0000                00065         extern  _PCLATH
  0000                00066         extern  _INTCON
  0000                00067         extern  _PIR1
  0000                00068         extern  _PIR2
  0000                00069         extern  _TMR1
  0000                00070         extern  _TMR1L
  0000                00071         extern  _TMR1H
  0000                00072         extern  _T1CON
  0000                00073         extern  _TMR2
  0000                00074         extern  _T2CON
  0000                00075         extern  _SSPBUF
  0000                00076         extern  _SSPCON
  0000                00077         extern  _CCPR1
  0000                00078         extern  _CCPR1L
  0000                00079         extern  _CCPR1H
  0000                00080         extern  _CCP1CON
  0000                00081         extern  _RCSTA
  0000                00082         extern  _TXREG
  0000                00083         extern  _RCREG
  0000                00084         extern  _CCPR2
  0000                00085         extern  _CCPR2L
  0000                00086         extern  _CCPR2H
  0000                00087         extern  _CCP2CON
  0000                00088         extern  _ADRESH
  0000                00089         extern  _ADCON0
  0000                00090         extern  _OPTION_REG
  0000                00091         extern  _TRISA
  0000                00092         extern  _TRISB
  0000                00093         extern  _TRISC
  0000                00094         extern  _TRISD
  0000                00095         extern  _TRISE
  0000                00096         extern  _PIE1
gpasm-1.4.0 #1106 (Oct  6 2014) obj\Debug\Cou   12-27-2019  16:45:00        PAGE  3


LOC    OBJECT CODE    LINE  SOURCE TEXT
  VALUE

  0000                00097         extern  _PIE2
  0000                00098         extern  _PCON
  0000                00099         extern  _SSPCON2
  0000                00100         extern  _PR2
  0000                00101         extern  _SSPADD
  0000                00102         extern  _SSPSTAT
  0000                00103         extern  _TXSTA
  0000                00104         extern  _SPBRG
  0000                00105         extern  _CMCON
  0000                00106         extern  _CVRCON
  0000                00107         extern  _ADRESL
  0000                00108         extern  _ADCON1
  0000                00109         extern  _EEDATA
  0000                00110         extern  _EEADR
  0000                00111         extern  _EEDATH
  0000                00112         extern  _EEADRH
  0000                00113         extern  _EECON1
  0000                00114         extern  _EECON2
                      00115 
  0000                00116         extern PSAVE
  0000                00117         extern SSAVE
  0000                00118         extern WSAVE
  0000                00119         extern STK12
  0000                00120         extern STK11
  0000                00121         extern STK10
  0000                00122         extern STK09
  0000                00123         extern STK08
  0000                00124         extern STK07
  0000                00125         extern STK06
  0000                00126         extern STK05
  0000                00127         extern STK04
  0000                00128         extern STK03
  0000                00129         extern STK02
  0000                00130         extern STK01
  0000                00131         extern STK00
                      00132 ;--------------------------------------------------------
                      00133 ; global declarations
                      00134 ;--------------------------------------------------------
  0000                00135         global  _CNT_Update
  0000                00136         global  _CNT_GetCounter
  0000                00137         global  _CNT_Init
                      00138 
                      00139 ;--------------------------------------------------------
                      00140 ; global definitions
                      00141 ;--------------------------------------------------------
                      00142 ;--------------------------------------------------------
                      00143 ; absolute symbol definitions
                      00144 ;--------------------------------------------------------
                      00145 ;--------------------------------------------------------
                      00146 ; compiler-defined variables
                      00147 ;--------------------------------------------------------
                      00148 UDL_Counter_0   udata
0000                  00149 r0x1003 res     1
gpasm-1.4.0 #1106 (Oct  6 2014) obj\Debug\Cou   12-27-2019  16:45:00        PAGE  4


LOC    OBJECT CODE    LINE  SOURCE TEXT
  VALUE

0001                  00150 _CNT_Counter    res     2
0003                  00151 _CNT_Update_CNT_Update_Counter_1_17     res     1
                      00152 ;--------------------------------------------------------
                      00153 ; initialized data
                      00154 ;--------------------------------------------------------
                      00155 ;--------------------------------------------------------
                      00156 ; overlayable items in internal ram 
                      00157 ;--------------------------------------------------------
                      00158 ;       udata_ovr
                      00159 ;--------------------------------------------------------
                      00160 ; code
                      00161 ;--------------------------------------------------------
                      00162 code_Counter    code
                      00163 ;***
                      00164 ;  pBlock Stats: dbName = C
                      00165 ;***
                      00166 ;entry:  _CNT_Update    ;Function start
                      00167 ; 2 exit points
                      00168 ;has an exit
                      00169 ;functions called:
                      00170 ;   _SW_GetState
                      00171 ;   _SW_GetState
                      00172 ;   _SW_GetState
                      00173 ;   _SW_GetState
                      00174 ;1 compiler assigned register :
                      00175 ;   r0x1003
                      00176 ;; Starting pCode block
                      00177 ;;; /home/sdcc-builder/build/sdcc-build/orig/sdcc/src/pic14/gen.c:2316:resultRemat *{*
                      00178 ;;; /home/sdcc-builder/build/sdcc-build/orig/sdcc/src/pic14/gen.c:2760:genLabel *{*
                      00179 ;; ***  genLabel  2763
                      00180 ;;; /home/sdcc-builder/build/sdcc-build/orig/sdcc/src/pic14/gen.c:2316:resultRemat *{*
                      00181 ;;; /home/sdcc-builder/build/sdcc-build/orig/sdcc/src/pic14/gen.c:2340:genFunction *{*
                      00182 ;; ***  genFunction  2342 curr label offset=8previous max_key=0 
0000                  00183 _CNT_Update     ;Function start
                      00184 ; 2 exit points
                      00185 ;;; /home/sdcc-builder/build/sdcc-build/orig/sdcc/src/pic14/gen.c:2316:resultRemat *{*
                      00186 ;; ***  genPlus  611
                      00187 ;;; /home/sdcc-builder/build/sdcc-build/orig/sdcc/src/pic14/genarith.c:612:genPlus *{*
                      00188 ;; ***  aopForSym 315
                      00189 ;;      327 sym->rname = _CNT_Update_CNT_Update_Counter_1_17, size = 1
                      00190 ;;      575
                      00191 ;;      line = 618 result AOP_DIR=_CNT_Update_CNT_Update_Counter_1_17, size=1, left AOP_DIR=_CNT_Update_
                            CNT_Update_Counter_1_17, size=1, right AOP_LIT=0x05, size=1
                      00192 ;;; /home/sdcc-builder/build/sdcc-build/orig/sdcc/src/pic14/genarith.c:142:genPlusIncr *{*
                      00193 ;; ***  genPlusIncr  144
                      00194 ;;      result AOP_DIR, left AOP_DIR, right AOP_LIT
                      00195 ;;      genPlusIncr  156
                      00196 ;;      adding lit to something. size 1
                      00197 ;;; /home/sdcc-builder/build/sdcc-build/orig/sdcc/src/pic14/genarith.c:269:genAddLit *{*
                      00198 ;; ***  genAddLit  270
                      00199 ;;; /home/sdcc-builder/build/sdcc-build/orig/sdcc/src/pic14/genarith.c:233:genAddLit2byte *{*
                      00200 ;; >>> /home/sdcc-builder/build/sdcc-build/orig/sdcc/src/pic14/genarith.c:245:genAddLit2byte
                      00201         .line   26; "Counter.c" CNT_Update_Counter += OS_TICK_MS;
gpasm-1.4.0 #1106 (Oct  6 2014) obj\Debug\Cou   12-27-2019  16:45:00        PAGE  5


LOC    OBJECT CODE    LINE  SOURCE TEXT
  VALUE

0000   3005           00202         MOVLW   0x05
                      00203 ;; >>> /home/sdcc-builder/build/sdcc-build/orig/sdcc/src/pic14/genarith.c:246:genAddLit2byte
                      00204 ;;      1009
                      00205 ;;      1028  _CNT_Update_CNT_Update_Counter_1_17   offset=0
0001   ???? ????      00206         BANKSEL _CNT_Update_CNT_Update_Counter_1_17
0003   07??           00207         ADDWF   _CNT_Update_CNT_Update_Counter_1_17,F
                      00208 ;; ***  addSign  861
                      00209 ;;; /home/sdcc-builder/build/sdcc-build/orig/sdcc/src/pic14/genarith.c:862:addSign *{*
                      00210 ;;; /home/sdcc-builder/build/sdcc-build/orig/sdcc/src/pic14/gen.c:2316:resultRemat *{*
                      00211 ;;; /home/sdcc-builder/build/sdcc-build/orig/sdcc/src/pic14/gen.c:3583:genCmpLt *{*
                      00212 ;; ***  genCmpLt  3584
                      00213 ;; ***  aopForSym 315
                      00214 ;;      327 sym->rname = _CNT_Update_CNT_Update_Counter_1_17, size = 1
                      00215 ;;; /home/sdcc-builder/build/sdcc-build/orig/sdcc/src/pic14/gen.c:3294:genCmp *{*
                      00216 ;;unsigned compare: left < lit(0x14=20), size=1
                      00217 ;; >>> /home/sdcc-builder/build/sdcc-build/orig/sdcc/src/pic14/gen.c:3265:pic14_mov2w_regOrLit
                      00218         .line   27; "Counter.c" if (CNT_Update_Counter < CNT_UPDATE_PERIOD_MS)
0004   3014           00219         MOVLW   0x14
                      00220 ;; >>> /home/sdcc-builder/build/sdcc-build/orig/sdcc/src/pic14/gen.c:3432:genCmp
                      00221 ;;      1009
                      00222 ;;      1028  _CNT_Update_CNT_Update_Counter_1_17   offset=0
                      00223         .line   29; "Counter.c" return;
0005   02??           00224         SUBWF   _CNT_Update_CNT_Update_Counter_1_17,W
                      00225         .line   31; "Counter.c" CNT_Update_Counter = 0;
0006   1C03           00226         BTFSS   STATUS,0
0007   2???           00227         GOTO    _00122_DS_
0008   01??           00228         CLRF    _CNT_Update_CNT_Update_Counter_1_17
                      00229         .line   35; "Counter.c" if (SW_GetState(SW_RESET) == SW_PRE_PRESSED)
0009   3001           00230         MOVLW   0x01
                      00231 ;; >>> /home/sdcc-builder/build/sdcc-build/orig/sdcc/src/pic14/gen.c:2173:genCall
000A   ???? ????      00232         PAGESEL _SW_GetState
                      00233 ;; >>> /home/sdcc-builder/build/sdcc-build/orig/sdcc/src/pic14/gen.c:2175:genCall
000C   2???           00234         CALL    _SW_GetState
                      00235 ;; >>> /home/sdcc-builder/build/sdcc-build/orig/sdcc/src/pic14/gen.c:2181:genCall
000D   ???? ????      00236         PAGESEL $
                      00237 ;;      694 register type nRegs=1
                      00238 ;;; /home/sdcc-builder/build/sdcc-build/orig/sdcc/src/pic14/gen.c:1907:assignResultValue *{*
                      00239 ;; ***  assignResultValue  1909
                      00240 ;;      line = 1911 result -=-, size=0, left AOP_REG=r0x104A, size=1, right -=-, size=0
                      00241 ;; >>> /home/sdcc-builder/build/sdcc-build/orig/sdcc/src/pic14/gen.c:1393:movwf
                      00242 ;;      1109 rIdx = r0x104A 
000F   ???? ????      00243         BANKSEL r0x1003
0011   00??           00244         MOVWF   r0x1003
0012   3A01           00245         XORLW   0x01
                      00246 ;; >>> /home/sdcc-builder/build/sdcc-build/orig/sdcc/src/pic14/gen.c:3687:genCmpEq
0013   1D03           00247         BTFSS   STATUS,2
                      00248 ;; >>> /home/sdcc-builder/build/sdcc-build/orig/sdcc/src/pic14/gen.c:3690:genCmpEq
                      00249 ;; ***  popGetLabel  key=8, label offset 12
0014   2???           00250         GOTO    _00120_DS_
                      00251 ;;; /home/sdcc-builder/build/sdcc-build/orig/sdcc/src/pic14/gen.c:2316:resultRemat *{*
                      00252 ;;; /home/sdcc-builder/build/sdcc-build/orig/sdcc/src/pic14/gen.c:2316:resultRemat *{*
                      00253 ;;; /home/sdcc-builder/build/sdcc-build/orig/sdcc/src/pic14/gen.c:6927:genAssign *{*
                      00254 ;; ***  genAssign  6928
gpasm-1.4.0 #1106 (Oct  6 2014) obj\Debug\Cou   12-27-2019  16:45:00        PAGE  6


LOC    OBJECT CODE    LINE  SOURCE TEXT
  VALUE

                      00255 ;; ***  aopForSym 315
                      00256 ;;      327 sym->rname = _CNT_Counter, size = 2
                      00257 ;;      line = 6937 result AOP_DIR=_CNT_Counter, size=2, left -=-, size=0, right AOP_LIT=0x00, size=2
                      00258 ;; ***  genAssign  7023
                      00259 ;; >>> /home/sdcc-builder/build/sdcc-build/orig/sdcc/src/pic14/gen.c:7035:genAssign
                      00260 ;;      1009
                      00261 ;;      1028  _CNT_Counter   offset=0
                      00262         .line   37; "Counter.c" CNT_Counter = 0;
0015   ???? ????      00263         BANKSEL _CNT_Counter
0017   01??           00264         CLRF    _CNT_Counter
                      00265 ;; ***  genAssign  7023
                      00266 ;; >>> /home/sdcc-builder/build/sdcc-build/orig/sdcc/src/pic14/gen.c:7035:genAssign
                      00267 ;;      1009
                      00268 ;;      1028  _CNT_Counter   offset=1
0018   01??           00269         CLRF    (_CNT_Counter + 1)
                      00270 ;;; /home/sdcc-builder/build/sdcc-build/orig/sdcc/src/pic14/gen.c:2316:resultRemat *{*
                      00271 ;;; /home/sdcc-builder/build/sdcc-build/orig/sdcc/src/pic14/gen.c:2778:genGoto *{*
                      00272 ;; >>> /home/sdcc-builder/build/sdcc-build/orig/sdcc/src/pic14/gen.c:2780:genGoto
                      00273 ;; ***  popGetLabel  key=10, label offset 12
0019   2???           00274         GOTO    _00122_DS_
                      00275 ;;; /home/sdcc-builder/build/sdcc-build/orig/sdcc/src/pic14/gen.c:2316:resultRemat *{*
                      00276 ;;; /home/sdcc-builder/build/sdcc-build/orig/sdcc/src/pic14/gen.c:2760:genLabel *{*
                      00277 ;; ***  genLabel  2763
                      00278 ;;; /home/sdcc-builder/build/sdcc-build/orig/sdcc/src/pic14/gen.c:2316:resultRemat *{*
                      00279 ;;; /home/sdcc-builder/build/sdcc-build/orig/sdcc/src/pic14/gen.c:2316:resultRemat *{*
                      00280 ;;; /home/sdcc-builder/build/sdcc-build/orig/sdcc/src/pic14/gen.c:2086:genCall *{*
                      00281 ;; ***  genCall  2088
                      00282 ;;; /home/sdcc-builder/build/sdcc-build/orig/sdcc/src/pic14/gen.c:1801:saveRegisters *{*
                      00283 ;; ***  saveRegisters  1803
                      00284 ;;      2135 left AOP_LIT
                      00285 ;;; /home/sdcc-builder/build/sdcc-build/orig/sdcc/src/pic14/gen.c:1343:mov2w_op *{*
                      00286 ;; >>> /home/sdcc-builder/build/sdcc-build/orig/sdcc/src/pic14/gen.c:1361:mov2w_op
001A                  00287 _00120_DS_
                      00288         .line   38; "Counter.c" } else if (SW_GetState(SW_PLUS) == SW_PRE_RELEASED)
001A   3000           00289         MOVLW   0x00
                      00290 ;; >>> /home/sdcc-builder/build/sdcc-build/orig/sdcc/src/pic14/gen.c:2173:genCall
001B   ???? ????      00291         PAGESEL _SW_GetState
                      00292 ;; >>> /home/sdcc-builder/build/sdcc-build/orig/sdcc/src/pic14/gen.c:2175:genCall
001D   2???           00293         CALL    _SW_GetState
                      00294 ;; >>> /home/sdcc-builder/build/sdcc-build/orig/sdcc/src/pic14/gen.c:2181:genCall
001E   ???? ????      00295         PAGESEL $
                      00296 ;;      694 register type nRegs=1
                      00297 ;;; /home/sdcc-builder/build/sdcc-build/orig/sdcc/src/pic14/gen.c:1907:assignResultValue *{*
                      00298 ;; ***  assignResultValue  1909
                      00299 ;;      line = 1911 result -=-, size=0, left AOP_REG=r0x104A, size=1, right -=-, size=0
                      00300 ;; >>> /home/sdcc-builder/build/sdcc-build/orig/sdcc/src/pic14/gen.c:1393:movwf
                      00301 ;;      1109 rIdx = r0x104A 
0020   ???? ????      00302         BANKSEL r0x1003
0022   00??           00303         MOVWF   r0x1003
0023   3A03           00304         XORLW   0x03
                      00305 ;; >>> /home/sdcc-builder/build/sdcc-build/orig/sdcc/src/pic14/gen.c:3687:genCmpEq
0024   1D03           00306         BTFSS   STATUS,2
                      00307 ;; >>> /home/sdcc-builder/build/sdcc-build/orig/sdcc/src/pic14/gen.c:3690:genCmpEq
gpasm-1.4.0 #1106 (Oct  6 2014) obj\Debug\Cou   12-27-2019  16:45:00        PAGE  7


LOC    OBJECT CODE    LINE  SOURCE TEXT
  VALUE

                      00308 ;; ***  popGetLabel  key=10, label offset 12
0025   2???           00309         GOTO    _00122_DS_
                      00310 ;;; /home/sdcc-builder/build/sdcc-build/orig/sdcc/src/pic14/gen.c:2316:resultRemat *{*
                      00311 ;;; /home/sdcc-builder/build/sdcc-build/orig/sdcc/src/pic14/gen.c:2316:resultRemat *{*
                      00312 ;; ***  genPlus  611
                      00313 ;;; /home/sdcc-builder/build/sdcc-build/orig/sdcc/src/pic14/genarith.c:612:genPlus *{*
                      00314 ;; ***  aopForSym 315
                      00315 ;;      327 sym->rname = _CNT_Counter, size = 2
                      00316 ;;      line = 618 result AOP_DIR=_CNT_Counter, size=2, left AOP_DIR=_CNT_Counter, size=2, right AOP_LIT
                            =0x01, size=1
                      00317 ;;; /home/sdcc-builder/build/sdcc-build/orig/sdcc/src/pic14/genarith.c:142:genPlusIncr *{*
                      00318 ;; ***  genPlusIncr  144
                      00319 ;;      result AOP_DIR, left AOP_DIR, right AOP_LIT
                      00320 ;;      genPlusIncr  156
                      00321 ;; >>> /home/sdcc-builder/build/sdcc-build/orig/sdcc/src/pic14/genarith.c:168:genPlusIncr
                      00322 ;;      1009
                      00323 ;;      1028  _CNT_Counter   offset=0
                      00324         .line   40; "Counter.c" CNT_Counter++;
0026   ???? ????      00325         BANKSEL _CNT_Counter
0028   0A??           00326         INCF    _CNT_Counter,F
                      00327 ;; >>> /home/sdcc-builder/build/sdcc-build/orig/sdcc/src/pic14/genarith.c:172:genPlusIncr
0029   1903           00328         BTFSC   STATUS,2
                      00329 ;; >>> /home/sdcc-builder/build/sdcc-build/orig/sdcc/src/pic14/genarith.c:173:genPlusIncr
                      00330 ;;      1009
                      00331 ;;      1028  _CNT_Counter   offset=1
002A   0A??           00332         INCF    (_CNT_Counter + 1),F
                      00333 ;;; /home/sdcc-builder/build/sdcc-build/orig/sdcc/src/pic14/gen.c:2316:resultRemat *{*
                      00334 ;;; /home/sdcc-builder/build/sdcc-build/orig/sdcc/src/pic14/gen.c:3619:genCmpEq *{*
                      00335 ;; ***  genCmpEq  3620
                      00336 ;; ifx is non-null
                      00337 ;; ***  aopForSym 315
                      00338 ;;      327 sym->rname = _CNT_Counter, size = 2
                      00339 ;;      line = 3631 result AOP_CRY=0x00, size=0, left AOP_DIR=_CNT_Counter, size=2, right AOP_LIT=0xe8, 
                            size=2
                      00340 ;; ***  mov2w  1381  offset=0
                      00341 ;; >>> /home/sdcc-builder/build/sdcc-build/orig/sdcc/src/pic14/gen.c:1386:mov2w
                      00342 ;;      1009
                      00343 ;;      1028  _CNT_Counter   offset=0
                      00344         .line   41; "Counter.c" if (CNT_Counter == 1000)
002B   08??           00345         MOVF    _CNT_Counter,W
                      00346 ;; >>> /home/sdcc-builder/build/sdcc-build/orig/sdcc/src/pic14/gen.c:3685:genCmpEq
002C   3AE8           00347         XORLW   0xe8
                      00348 ;; >>> /home/sdcc-builder/build/sdcc-build/orig/sdcc/src/pic14/gen.c:3687:genCmpEq
002D   1D03           00349         BTFSS   STATUS,2
                      00350 ;; >>> /home/sdcc-builder/build/sdcc-build/orig/sdcc/src/pic14/gen.c:3690:genCmpEq
                      00351 ;; ***  popGetLabel  key=10, label offset 12
002E   2???           00352         GOTO    _00122_DS_
                      00353 ;; ***  mov2w  1381  offset=1
                      00354 ;; >>> /home/sdcc-builder/build/sdcc-build/orig/sdcc/src/pic14/gen.c:1386:mov2w
                      00355 ;;      1009
                      00356 ;;      1028  _CNT_Counter   offset=1
002F   08??           00357         MOVF    (_CNT_Counter + 1),W
                      00358 ;; >>> /home/sdcc-builder/build/sdcc-build/orig/sdcc/src/pic14/gen.c:3685:genCmpEq
gpasm-1.4.0 #1106 (Oct  6 2014) obj\Debug\Cou   12-27-2019  16:45:00        PAGE  8


LOC    OBJECT CODE    LINE  SOURCE TEXT
  VALUE

0030   3A03           00359         XORLW   0x03
                      00360 ;; >>> /home/sdcc-builder/build/sdcc-build/orig/sdcc/src/pic14/gen.c:3687:genCmpEq
0031   1D03           00361         BTFSS   STATUS,2
                      00362 ;; >>> /home/sdcc-builder/build/sdcc-build/orig/sdcc/src/pic14/gen.c:3690:genCmpEq
                      00363 ;; ***  popGetLabel  key=10, label offset 12
0032   2???           00364         GOTO    _00122_DS_
                      00365 ;;; /home/sdcc-builder/build/sdcc-build/orig/sdcc/src/pic14/gen.c:2316:resultRemat *{*
                      00366 ;;; /home/sdcc-builder/build/sdcc-build/orig/sdcc/src/pic14/gen.c:2316:resultRemat *{*
                      00367 ;;; /home/sdcc-builder/build/sdcc-build/orig/sdcc/src/pic14/gen.c:6927:genAssign *{*
                      00368 ;; ***  genAssign  6928
                      00369 ;; ***  aopForSym 315
                      00370 ;;      327 sym->rname = _CNT_Counter, size = 2
                      00371 ;;      line = 6937 result AOP_DIR=_CNT_Counter, size=2, left -=-, size=0, right AOP_LIT=0x00, size=2
                      00372 ;; ***  genAssign  7023
                      00373 ;; >>> /home/sdcc-builder/build/sdcc-build/orig/sdcc/src/pic14/gen.c:7035:genAssign
                      00374 ;;      1009
                      00375 ;;      1028  _CNT_Counter   offset=0
                      00376         .line   43; "Counter.c" CNT_Counter = 0;
0033   01??           00377         CLRF    _CNT_Counter
                      00378 ;; ***  genAssign  7023
                      00379 ;; >>> /home/sdcc-builder/build/sdcc-build/orig/sdcc/src/pic14/gen.c:7035:genAssign
                      00380 ;;      1009
                      00381 ;;      1028  _CNT_Counter   offset=1
0034   01??           00382         CLRF    (_CNT_Counter + 1)
                      00383 ;;; /home/sdcc-builder/build/sdcc-build/orig/sdcc/src/pic14/gen.c:2316:resultRemat *{*
                      00384 ;;; /home/sdcc-builder/build/sdcc-build/orig/sdcc/src/pic14/gen.c:2760:genLabel *{*
                      00385 ;; ***  genLabel  2763
                      00386 ;;; /home/sdcc-builder/build/sdcc-build/orig/sdcc/src/pic14/gen.c:2316:resultRemat *{*
                      00387 ;;; /home/sdcc-builder/build/sdcc-build/orig/sdcc/src/pic14/gen.c:2528:genEndFunction *{*
                      00388 ;; ***  genEndFunction  2530
0035                  00389 _00122_DS_
0035   0008           00390         RETURN  
                      00391 ; exit point of _CNT_Update
                      00392 ;;; /home/sdcc-builder/build/sdcc-build/orig/sdcc/src/pic14/gen.c:7426:genpic14Code *{*
                      00393 
                      00394 ;***
                      00395 ;  pBlock Stats: dbName = C
                      00396 ;***
                      00397 ;entry:  _CNT_GetCounter        ;Function start
                      00398 ; 2 exit points
                      00399 ;has an exit
                      00400 ;1 compiler assigned register :
                      00401 ;   STK00
                      00402 ;; Starting pCode block
                      00403 ;;; /home/sdcc-builder/build/sdcc-build/orig/sdcc/src/pic14/gen.c:2316:resultRemat *{*
                      00404 ;;; /home/sdcc-builder/build/sdcc-build/orig/sdcc/src/pic14/gen.c:2760:genLabel *{*
                      00405 ;; ***  genLabel  2763
                      00406 ;;; /home/sdcc-builder/build/sdcc-build/orig/sdcc/src/pic14/gen.c:2316:resultRemat *{*
                      00407 ;;; /home/sdcc-builder/build/sdcc-build/orig/sdcc/src/pic14/gen.c:2340:genFunction *{*
                      00408 ;; ***  genFunction  2342 curr label offset=4previous max_key=0 
0036                  00409 _CNT_GetCounter ;Function start
                      00410 ; 2 exit points
                      00411 ;;; /home/sdcc-builder/build/sdcc-build/orig/sdcc/src/pic14/gen.c:2316:resultRemat *{*
gpasm-1.4.0 #1106 (Oct  6 2014) obj\Debug\Cou   12-27-2019  16:45:00        PAGE  9


LOC    OBJECT CODE    LINE  SOURCE TEXT
  VALUE

                      00412 ;;; /home/sdcc-builder/build/sdcc-build/orig/sdcc/src/pic14/gen.c:2683:genRet *{*
                      00413 ;; ***  genRet  2685
                      00414 ;; ***  aopForSym 315
                      00415 ;;      327 sym->rname = _CNT_Counter, size = 2
                      00416 ;;; /home/sdcc-builder/build/sdcc-build/orig/sdcc/src/pic14/gen.c:1343:mov2w_op *{*
                      00417 ;; ***  mov2w  1381  offset=0
                      00418 ;; >>> /home/sdcc-builder/build/sdcc-build/orig/sdcc/src/pic14/gen.c:1386:mov2w
                      00419 ;;      1009
                      00420 ;;      1028  _CNT_Counter   offset=0
                      00421         .line   18; "Counter.c" return CNT_Counter;
0036   ???? ????      00422         BANKSEL _CNT_Counter
0038   08??           00423         MOVF    _CNT_Counter,W
                      00424 ;; >>> /home/sdcc-builder/build/sdcc-build/orig/sdcc/src/pic14/gen.c:1416:pass_argument
                      00425 ;; ***  popRegFromIdx,1042  , rIdx=0x7f
0039   00??           00426         MOVWF   STK00
                      00427 ;;; /home/sdcc-builder/build/sdcc-build/orig/sdcc/src/pic14/gen.c:1343:mov2w_op *{*
                      00428 ;; ***  mov2w  1381  offset=1
                      00429 ;; >>> /home/sdcc-builder/build/sdcc-build/orig/sdcc/src/pic14/gen.c:1386:mov2w
                      00430 ;;      1009
                      00431 ;;      1028  _CNT_Counter   offset=1
003A   08??           00432         MOVF    (_CNT_Counter + 1),W
                      00433 ;;; /home/sdcc-builder/build/sdcc-build/orig/sdcc/src/pic14/gen.c:2316:resultRemat *{*
                      00434 ;;; /home/sdcc-builder/build/sdcc-build/orig/sdcc/src/pic14/gen.c:2760:genLabel *{*
                      00435 ;; ***  genLabel  2763
                      00436 ;;; /home/sdcc-builder/build/sdcc-build/orig/sdcc/src/pic14/gen.c:2316:resultRemat *{*
                      00437 ;;; /home/sdcc-builder/build/sdcc-build/orig/sdcc/src/pic14/gen.c:2528:genEndFunction *{*
                      00438 ;; ***  genEndFunction  2530
003B   0008           00439         RETURN  
                      00440 ; exit point of _CNT_GetCounter
                      00441 ;;; /home/sdcc-builder/build/sdcc-build/orig/sdcc/src/pic14/gen.c:7426:genpic14Code *{*
                      00442 
                      00443 ;***
                      00444 ;  pBlock Stats: dbName = C
                      00445 ;***
                      00446 ;entry:  _CNT_Init      ;Function start
                      00447 ; 2 exit points
                      00448 ;has an exit
                      00449 ;1 compiler assigned register :
                      00450 ;   STK00
                      00451 ;; Starting pCode block
                      00452 ;;; /home/sdcc-builder/build/sdcc-build/orig/sdcc/src/pic14/gen.c:2316:resultRemat *{*
                      00453 ;;; /home/sdcc-builder/build/sdcc-build/orig/sdcc/src/pic14/gen.c:2760:genLabel *{*
                      00454 ;; ***  genLabel  2763
                      00455 ;;; /home/sdcc-builder/build/sdcc-build/orig/sdcc/src/pic14/gen.c:2316:resultRemat *{*
                      00456 ;;; /home/sdcc-builder/build/sdcc-build/orig/sdcc/src/pic14/gen.c:2340:genFunction *{*
                      00457 ;; ***  genFunction  2342 curr label offset=0previous max_key=0 
003C                  00458 _CNT_Init       ;Function start
                      00459 ; 2 exit points
                      00460 ;;; /home/sdcc-builder/build/sdcc-build/orig/sdcc/src/pic14/gen.c:2316:resultRemat *{*
                      00461 ;;; /home/sdcc-builder/build/sdcc-build/orig/sdcc/src/pic14/gen.c:7358:genReceive *{*
                      00462 ;; ***  genReceive  7359
                      00463 ;; ***  aopForSym 315
                      00464 ;;      327 sym->rname = _CNT_Counter, size = 2
gpasm-1.4.0 #1106 (Oct  6 2014) obj\Debug\Cou   12-27-2019  16:45:00        PAGE 10


LOC    OBJECT CODE    LINE  SOURCE TEXT
  VALUE

                      00465 ;;; /home/sdcc-builder/build/sdcc-build/orig/sdcc/src/pic14/gen.c:1907:assignResultValue *{*
                      00466 ;; ***  assignResultValue  1909
                      00467 ;;      line = 1911 result -=-, size=0, left AOP_DIR=_CNT_Counter, size=2, right -=-, size=0
                      00468 ;; >>> /home/sdcc-builder/build/sdcc-build/orig/sdcc/src/pic14/gen.c:1393:movwf
                      00469 ;;      1009
                      00470 ;;      1028  _CNT_Counter   offset=1
                      00471         .line   11; "Counter.c" void CNT_Init(tWord counter)
003C   ???? ????      00472         BANKSEL _CNT_Counter
003E   00??           00473         MOVWF   (_CNT_Counter + 1)
                      00474 ;; >>> /home/sdcc-builder/build/sdcc-build/orig/sdcc/src/pic14/gen.c:1423:get_returnvalue
                      00475 ;; ***  popRegFromIdx,1042  , rIdx=0x7f
003F   08??           00476         MOVF    STK00,W
                      00477 ;; >>> /home/sdcc-builder/build/sdcc-build/orig/sdcc/src/pic14/gen.c:1393:movwf
                      00478 ;;      1009
                      00479 ;;      1028  _CNT_Counter   offset=0
0040   00??           00480         MOVWF   _CNT_Counter
                      00481 ;;; /home/sdcc-builder/build/sdcc-build/orig/sdcc/src/pic14/gen.c:2316:resultRemat *{*
                      00482 ;;; /home/sdcc-builder/build/sdcc-build/orig/sdcc/src/pic14/gen.c:2760:genLabel *{*
                      00483 ;; ***  genLabel  2763
                      00484 ;;; /home/sdcc-builder/build/sdcc-build/orig/sdcc/src/pic14/gen.c:2316:resultRemat *{*
                      00485 ;;; /home/sdcc-builder/build/sdcc-build/orig/sdcc/src/pic14/gen.c:2528:genEndFunction *{*
                      00486 ;; ***  genEndFunction  2530
                      00487         .line   13; "Counter.c" CNT_Counter = counter;
0041   0008           00488         RETURN  
                      00489 ; exit point of _CNT_Init
                      00490 ;;; /home/sdcc-builder/build/sdcc-build/orig/sdcc/src/pic14/gen.c:7426:genpic14Code *{*
                      00491 
                      00492 
                      00493 ;       code size estimation:
                      00494 ;          44+   11 =    55 instructions (  132 byte)
                      00495 
                      00496         end
gpasm-1.4.0 #1106 (Oct  6 2014) obj\Debug\Cou   12-27-2019  16:45:00        PAGE 11


SYMBOL TABLE
  LABEL                             VALUE

ACKDT                             00000005
ACKEN                             00000004
ACKSTAT                           00000006
ADCON0                            0000001F
ADCON1                            0000009F
ADCS0                             00000006
ADCS1                             00000007
ADCS2                             00000006
ADDEN                             00000003
ADFM                              00000007
ADIE                              00000006
ADIF                              00000006
ADON                              00000000
ADRESH                            0000001E
ADRESL                            0000009E
BCLIE                             00000003
BCLIF                             00000003
BF                                00000000
BRGH                              00000002
C                                 00000000
C1INV                             00000004
C1OUT                             00000006
C2INV                             00000005
C2OUT                             00000007
CCP1CON                           00000017
CCP1IE                            00000002
CCP1IF                            00000002
CCP1M0                            00000000
CCP1M1                            00000001
CCP1M2                            00000002
CCP1M3                            00000003
CCP1X                             00000005
CCP1Y                             00000004
CCP2CON                           0000001D
CCP2IE                            00000000
CCP2IF                            00000000
CCP2M0                            00000000
CCP2M1                            00000001
CCP2M2                            00000002
CCP2M3                            00000003
CCP2X                             00000005
CCP2Y                             00000004
CCPR1                             00000015
CCPR1H                            00000016
CCPR1L                            00000015
CCPR2                             0000001B
CCPR2H                            0000001C
CCPR2L                            0000001B
CHS0                              00000003
CHS1                              00000004
CHS2                              00000005
CIS                               00000003
CKE                               00000006
gpasm-1.4.0 #1106 (Oct  6 2014) obj\Debug\Cou   12-27-2019  16:45:00        PAGE 12


SYMBOL TABLE
  LABEL                             VALUE 

CKP                               00000004
CM0                               00000000
CM1                               00000001
CM2                               00000002
CMCON                             0000009C
CMIE                              00000006
CMIF                              00000006
CREN                              00000004
CSRC                              00000007
CVR0                              00000000
CVR1                              00000001
CVR2                              00000002
CVR3                              00000003
CVRCON                            0000009D
CVREN                             00000007
CVROE                             00000006
CVRR                              00000005
D                                 00000005
DATA_ADDRESS                      00000005
DC                                00000001
D_A                               00000005
D_NOT_A                           00000005
EEADR                             0000010D
EEADRH                            0000010F
EECON1                            0000018C
EECON2                            0000018D
EEDATA                            0000010C
EEDATH                            0000010E
EEIE                              00000004
EEIF                              00000004
EEPGD                             00000007
F                                 00000001
FERR                              00000002
FSR                               00000004
GCEN                              00000007
GIE                               00000007
GO                                00000002
GO_DONE                           00000002
GO_NOT_DONE                       00000002
I2C_DATA                          00000005
I2C_READ                          00000002
I2C_START                         00000003
I2C_STOP                          00000004
IBF                               00000007
IBOV                              00000005
INDF                              00000000
INTCON                            0000000B
INTE                              00000004
INTEDG                            00000006
INTF                              00000001
IRP                               00000007
NOT_A                             00000005
NOT_ADDRESS                       00000005
gpasm-1.4.0 #1106 (Oct  6 2014) obj\Debug\Cou   12-27-2019  16:45:00        PAGE 13


SYMBOL TABLE
  LABEL                             VALUE 

NOT_BO                            00000000
NOT_BOR                           00000000
NOT_DONE                          00000002
NOT_PD                            00000003
NOT_POR                           00000001
NOT_RBPU                          00000007
NOT_RC8                           00000006
NOT_T1SYNC                        00000002
NOT_TO                            00000004
NOT_TX8                           00000006
NOT_W                             00000002
NOT_WRITE                         00000002
OBF                               00000006
OERR                              00000001
OPTION_REG                        00000081
P                                 00000004
PCFG0                             00000000
PCFG1                             00000001
PCFG2                             00000002
PCFG3                             00000003
PCL                               00000002
PCLATH                            0000000A
PCON                              0000008E
PEIE                              00000006
PEN                               00000002
PIE1                              0000008C
PIE2                              0000008D
PIR1                              0000000C
PIR2                              0000000D
PORTA                             00000005
PORTB                             00000006
PORTC                             00000007
PORTD                             00000008
PORTE                             00000009
PR2                               00000092
PS0                               00000000
PS1                               00000001
PS2                               00000002
PSA                               00000003
PSAVE                             00000000
PSPIE                             00000007
PSPIF                             00000007
PSPMODE                           00000004
R                                 00000002
RA0                               00000000
RA1                               00000001
RA2                               00000002
RA3                               00000003
RA4                               00000004
RA5                               00000005
RB0                               00000000
RB1                               00000001
RB2                               00000002
gpasm-1.4.0 #1106 (Oct  6 2014) obj\Debug\Cou   12-27-2019  16:45:00        PAGE 14


SYMBOL TABLE
  LABEL                             VALUE 

RB3                               00000003
RB4                               00000004
RB5                               00000005
RB6                               00000006
RB7                               00000007
RBIE                              00000003
RBIF                              00000000
RC0                               00000000
RC1                               00000001
RC2                               00000002
RC3                               00000003
RC4                               00000004
RC5                               00000005
RC6                               00000006
RC7                               00000007
RC8_9                             00000006
RC9                               00000006
RCD8                              00000000
RCEN                              00000003
RCIE                              00000005
RCIF                              00000005
RCREG                             0000001A
RCSTA                             00000018
RD                                00000000
RD0                               00000000
RD1                               00000001
RD2                               00000002
RD3                               00000003
RD4                               00000004
RD5                               00000005
RD6                               00000006
RD7                               00000007
RE0                               00000000
RE1                               00000001
RE2                               00000002
READ_WRITE                        00000002
RP0                               00000005
RP1                               00000006
RSEN                              00000001
RX9                               00000006
RX9D                              00000000
R_NOT_W                           00000002
R_W                               00000002
S                                 00000003
SEN                               00000000
SMP                               00000007
SPBRG                             00000099
SPEN                              00000007
SREN                              00000005
SSAVE                             00000000
SSPADD                            00000093
SSPBUF                            00000013
SSPCON                            00000014
gpasm-1.4.0 #1106 (Oct  6 2014) obj\Debug\Cou   12-27-2019  16:45:00        PAGE 15


SYMBOL TABLE
  LABEL                             VALUE 

SSPCON2                           00000091
SSPEN                             00000005
SSPIE                             00000003
SSPIF                             00000003
SSPM0                             00000000
SSPM1                             00000001
SSPM2                             00000002
SSPM3                             00000003
SSPOV                             00000006
SSPSTAT                           00000094
STATUS                            00000003
STK00                             00000000
STK01                             00000000
STK02                             00000000
STK03                             00000000
STK04                             00000000
STK05                             00000000
STK06                             00000000
STK07                             00000000
STK08                             00000000
STK09                             00000000
STK10                             00000000
STK11                             00000000
STK12                             00000000
SYNC                              00000004
T0CS                              00000005
T0IE                              00000005
T0IF                              00000002
T0SE                              00000004
T1CKPS0                           00000004
T1CKPS1                           00000005
T1CON                             00000010
T1INSYNC                          00000002
T1OSCEN                           00000003
T1SYNC                            00000002
T2CKPS0                           00000000
T2CKPS1                           00000001
T2CON                             00000012
TMR0                              00000001
TMR0IE                            00000005
TMR0IF                            00000002
TMR1                              0000000E
TMR1CS                            00000001
TMR1H                             0000000F
TMR1IE                            00000000
TMR1IF                            00000000
TMR1L                             0000000E
TMR1ON                            00000000
TMR2                              00000011
TMR2IE                            00000001
TMR2IF                            00000001
TMR2ON                            00000002
TOUTPS0                           00000003
gpasm-1.4.0 #1106 (Oct  6 2014) obj\Debug\Cou   12-27-2019  16:45:00        PAGE 16


SYMBOL TABLE
  LABEL                             VALUE 

TOUTPS1                           00000004
TOUTPS2                           00000005
TOUTPS3                           00000006
TRISA                             00000085
TRISA0                            00000000
TRISA1                            00000001
TRISA2                            00000002
TRISA3                            00000003
TRISA4                            00000004
TRISA5                            00000005
TRISB                             00000086
TRISB0                            00000000
TRISB1                            00000001
TRISB2                            00000002
TRISB3                            00000003
TRISB4                            00000004
TRISB5                            00000005
TRISB6                            00000006
TRISB7                            00000007
TRISC                             00000087
TRISC0                            00000000
TRISC1                            00000001
TRISC2                            00000002
TRISC3                            00000003
TRISC4                            00000004
TRISC5                            00000005
TRISC6                            00000006
TRISC7                            00000007
TRISD                             00000088
TRISD0                            00000000
TRISD1                            00000001
TRISD2                            00000002
TRISD3                            00000003
TRISD4                            00000004
TRISD5                            00000005
TRISD6                            00000006
TRISD7                            00000007
TRISE                             00000089
TRISE0                            00000000
TRISE1                            00000001
TRISE2                            00000002
TRMT                              00000001
TX8_9                             00000006
TX9                               00000006
TX9D                              00000000
TXD8                              00000000
TXEN                              00000005
TXIE                              00000004
TXIF                              00000004
TXREG                             00000019
TXSTA                             00000098
UA                                00000001
W                                 00000000
gpasm-1.4.0 #1106 (Oct  6 2014) obj\Debug\Cou   12-27-2019  16:45:00        PAGE 17


SYMBOL TABLE
  LABEL                             VALUE 

WCOL                              00000007
WR                                00000001
WREN                              00000002
WRERR                             00000003
WSAVE                             00000000
Z                                 00000002
_00120_DS_                        0000001A
_00122_DS_                        00000035
_ADCON0                           00000000
_ADCON0bits                       00000000
_ADCON1                           00000000
_ADCON1bits                       00000000
_ADRESH                           00000000
_ADRESL                           00000000
_BODEN_OFF                        00003FBF
_BODEN_ON                         00003FFF
_BOREN_OFF                        00003FBF
_BOREN_ON                         00003FFF
_CCP1CON                          00000000
_CCP1CONbits                      00000000
_CCP2CON                          00000000
_CCP2CONbits                      00000000
_CCPR1                            00000000
_CCPR1H                           00000000
_CCPR1L                           00000000
_CCPR2                            00000000
_CCPR2H                           00000000
_CCPR2L                           00000000
_CMCON                            00000000
_CMCONbits                        00000000
_CNT_Counter                      00000001
_CNT_GetCounter                   00000036
_CNT_Init                         0000003C
_CNT_Update                       00000000
_CNT_Update_CNT_Update_Counter_1_17  00000003
_CONFIG                           00002007
_CPD_OFF                          00003FFF
_CPD_ON                           00003EFF
_CP_ALL                           00001FFF
_CP_OFF                           00003FFF
_CP_ON                            00001FFF
_CVRCON                           00000000
_CVRCONbits                       00000000
_DEBUG_OFF                        00003FFF
_DEBUG_ON                         000037FF
_DEVID1                           00002006
_EEADR                            00000000
_EEADRH                           00000000
_EECON1                           00000000
_EECON1bits                       00000000
_EECON2                           00000000
_EEDATA                           00000000
_EEDATH                           00000000
gpasm-1.4.0 #1106 (Oct  6 2014) obj\Debug\Cou   12-27-2019  16:45:00        PAGE 18


SYMBOL TABLE
  LABEL                             VALUE 

_FOSC_EXTRC                       00003FFF
_FOSC_HS                          00003FFE
_FOSC_LP                          00003FFC
_FOSC_XT                          00003FFD
_FSR                              00000000
_HS_OSC                           00003FFE
_IDLOC0                           00002000
_IDLOC1                           00002001
_IDLOC2                           00002002
_IDLOC3                           00002003
_INDF                             00000000
_INTCON                           00000000
_INTCONbits                       00000000
_LP_OSC                           00003FFC
_LVP_OFF                          00003F7F
_LVP_ON                           00003FFF
_OPTION_REG                       00000000
_OPTION_REGbits                   00000000
_OS_GoToSleep                     00000000
_OS_Init                          00000000
_OS_Schedule                      00000000
_OS_Start                         00000000
_OS_Update                        00000000
_PCL                              00000000
_PCLATH                           00000000
_PCON                             00000000
_PCONbits                         00000000
_PIE1                             00000000
_PIE1bits                         00000000
_PIE2                             00000000
_PIE2bits                         00000000
_PIR1                             00000000
_PIR1bits                         00000000
_PIR2                             00000000
_PIR2bits                         00000000
_PORTA                            00000000
_PORTAbits                        00000000
_PORTB                            00000000
_PORTBbits                        00000000
_PORTC                            00000000
_PORTCbits                        00000000
_PORTD                            00000000
_PORTDbits                        00000000
_PORTE                            00000000
_PORTEbits                        00000000
_PR2                              00000000
_PWRTE_OFF                        00003FFF
_PWRTE_ON                         00003FF7
_RCREG                            00000000
_RCSTA                            00000000
_RCSTAbits                        00000000
_RC_OSC                           00003FFF
_SPBRG                            00000000
gpasm-1.4.0 #1106 (Oct  6 2014) obj\Debug\Cou   12-27-2019  16:45:00        PAGE 19


SYMBOL TABLE
  LABEL                             VALUE 

_SSPADD                           00000000
_SSPBUF                           00000000
_SSPCON                           00000000
_SSPCON2                          00000000
_SSPCON2bits                      00000000
_SSPCONbits                       00000000
_SSPSTAT                          00000000
_SSPSTATbits                      00000000
_STATUS                           00000000
_STATUSbits                       00000000
_SW_GetState                      00000000
_SW_Init                          00000000
_SW_Update                        00000000
_T1CON                            00000000
_T1CONbits                        00000000
_T2CON                            00000000
_T2CONbits                        00000000
_TMR0                             00000000
_TMR1                             00000000
_TMR1H                            00000000
_TMR1L                            00000000
_TMR2                             00000000
_TRISA                            00000000
_TRISAbits                        00000000
_TRISB                            00000000
_TRISBbits                        00000000
_TRISC                            00000000
_TRISCbits                        00000000
_TRISD                            00000000
_TRISDbits                        00000000
_TRISE                            00000000
_TRISEbits                        00000000
_TXREG                            00000000
_TXSTA                            00000000
_TXSTAbits                        00000000
_WDTE_OFF                         00003FFB
_WDTE_ON                          00003FFF
_WDT_OFF                          00003FFB
_WDT_ON                           00003FFF
_WRT_1FOURTH                      00003BFF
_WRT_256                          00003DFF
_WRT_HALF                         000039FF
_WRT_OFF                          00003FFF
_XT_OSC                           00003FFD
__16F877A                         00000001
__CODE_END                        00001FFF
__CODE_START                      00000000
__COMMON_RAM_END                  0000007F
__COMMON_RAM_START                00000070
__EEPROM_END                      000021FF
__EEPROM_START                    00002100
__VECTOR_INT                      00000004
__VECTOR_RESET                    00000000
gpasm-1.4.0 #1106 (Oct  6 2014) obj\Debug\Cou   12-27-2019  16:45:00        PAGE 20


SYMBOL TABLE
  LABEL                             VALUE 

_code_Counter_000D                0000000D
_code_Counter_001E                0000001E
r0x1003                           00000000

Errors   :     0
Warnings :     0 reported,     0 suppressed
Messages :     0 reported,     0 suppressed

