gpasm-1.4.0 #1106 (Oct  6 2014) obj\Debug\OS.   12-27-2019  16:45:01        PAGE  1


LOC    OBJECT CODE    LINE  SOURCE TEXT
  VALUE

                      00001 ;--------------------------------------------------------
                      00002 ; File Created by SDCC : free open source ANSI-C Compiler
                      00003 ; Version 3.5.0 #9253 (Jun 20 2015) (MINGW32)
                      00004 ; This file was generated Fri Dec 27 16:45:01 2019
                      00005 ;--------------------------------------------------------
                      00006 ; PIC port for the 14-bit core
                      00007 ;--------------------------------------------------------
                      00008         .file   "OS.c"
                      00009         list    p=16f877a
                      00010         radix dec
                      00011         include "p16f877a.inc"
                      00001         LIST
                      00002 
                      00003 ;==========================================================================
                      00004 ; Build date : Aug 07 2014
                      00005 ;  MPASM PIC16F877A processor include
                      00006 ; 
                      00007 ;  (c) Copyright 1999-2014 Microchip Technology, All rights reserved
                      00008 ;==========================================================================
                      00009 
                      00567         LIST
                      00012 ;--------------------------------------------------------
                      00013 ; external declarations
                      00014 ;--------------------------------------------------------
  0000                00015         extern  _DISP_Init
  0000                00016         extern  _DISP_Update
  0000                00017         extern  _SSD_Init
  0000                00018         extern  _SSD_GetState
  0000                00019         extern  _SSD_SetState
  0000                00020         extern  _SSD_GetSymbol
  0000                00021         extern  _SSD_SetSymbol
  0000                00022         extern  _SSD_Update
  0000                00023         extern  _CNT_Init
  0000                00024         extern  _CNT_GetCounter
  0000                00025         extern  _CNT_Update
  0000                00026         extern  _SW_Init
  0000                00027         extern  _SW_GetState
  0000                00028         extern  _SW_Update
  0000                00029         extern  _STATUSbits
  0000                00030         extern  _PORTAbits
  0000                00031         extern  _PORTBbits
  0000                00032         extern  _PORTCbits
  0000                00033         extern  _PORTDbits
  0000                00034         extern  _PORTEbits
  0000                00035         extern  _INTCONbits
  0000                00036         extern  _PIR1bits
  0000                00037         extern  _PIR2bits
  0000                00038         extern  _T1CONbits
  0000                00039         extern  _T2CONbits
  0000                00040         extern  _SSPCONbits
  0000                00041         extern  _CCP1CONbits
  0000                00042         extern  _RCSTAbits
  0000                00043         extern  _CCP2CONbits
gpasm-1.4.0 #1106 (Oct  6 2014) obj\Debug\OS.   12-27-2019  16:45:01        PAGE  2


LOC    OBJECT CODE    LINE  SOURCE TEXT
  VALUE

  0000                00044         extern  _ADCON0bits
  0000                00045         extern  _OPTION_REGbits
  0000                00046         extern  _TRISAbits
  0000                00047         extern  _TRISBbits
  0000                00048         extern  _TRISCbits
  0000                00049         extern  _TRISDbits
  0000                00050         extern  _TRISEbits
  0000                00051         extern  _PIE1bits
  0000                00052         extern  _PIE2bits
  0000                00053         extern  _PCONbits
  0000                00054         extern  _SSPCON2bits
  0000                00055         extern  _SSPSTATbits
  0000                00056         extern  _TXSTAbits
  0000                00057         extern  _CMCONbits
  0000                00058         extern  _CVRCONbits
  0000                00059         extern  _ADCON1bits
  0000                00060         extern  _EECON1bits
  0000                00061         extern  _INDF
  0000                00062         extern  _TMR0
  0000                00063         extern  _PCL
  0000                00064         extern  _STATUS
  0000                00065         extern  _FSR
  0000                00066         extern  _PORTA
  0000                00067         extern  _PORTB
  0000                00068         extern  _PORTC
  0000                00069         extern  _PORTD
  0000                00070         extern  _PORTE
  0000                00071         extern  _PCLATH
  0000                00072         extern  _INTCON
  0000                00073         extern  _PIR1
  0000                00074         extern  _PIR2
  0000                00075         extern  _TMR1
  0000                00076         extern  _TMR1L
  0000                00077         extern  _TMR1H
  0000                00078         extern  _T1CON
  0000                00079         extern  _TMR2
  0000                00080         extern  _T2CON
  0000                00081         extern  _SSPBUF
  0000                00082         extern  _SSPCON
  0000                00083         extern  _CCPR1
  0000                00084         extern  _CCPR1L
  0000                00085         extern  _CCPR1H
  0000                00086         extern  _CCP1CON
  0000                00087         extern  _RCSTA
  0000                00088         extern  _TXREG
  0000                00089         extern  _RCREG
  0000                00090         extern  _CCPR2
  0000                00091         extern  _CCPR2L
  0000                00092         extern  _CCPR2H
  0000                00093         extern  _CCP2CON
  0000                00094         extern  _ADRESH
  0000                00095         extern  _ADCON0
  0000                00096         extern  _OPTION_REG
gpasm-1.4.0 #1106 (Oct  6 2014) obj\Debug\OS.   12-27-2019  16:45:01        PAGE  3


LOC    OBJECT CODE    LINE  SOURCE TEXT
  VALUE

  0000                00097         extern  _TRISA
  0000                00098         extern  _TRISB
  0000                00099         extern  _TRISC
  0000                00100         extern  _TRISD
  0000                00101         extern  _TRISE
  0000                00102         extern  _PIE1
  0000                00103         extern  _PIE2
  0000                00104         extern  _PCON
  0000                00105         extern  _SSPCON2
  0000                00106         extern  _PR2
  0000                00107         extern  _SSPADD
  0000                00108         extern  _SSPSTAT
  0000                00109         extern  _TXSTA
  0000                00110         extern  _SPBRG
  0000                00111         extern  _CMCON
  0000                00112         extern  _CVRCON
  0000                00113         extern  _ADRESL
  0000                00114         extern  _ADCON1
  0000                00115         extern  _EEDATA
  0000                00116         extern  _EEADR
  0000                00117         extern  _EEDATH
  0000                00118         extern  _EEADRH
  0000                00119         extern  _EECON1
  0000                00120         extern  _EECON2
  0000                00121         extern  __mulchar
  0000                00122         extern  ___sdcc_saved_fsr
                      00123 
  0000                00124         extern PSAVE
  0000                00125         extern SSAVE
  0000                00126         extern WSAVE
  0000                00127         extern STK12
  0000                00128         extern STK11
  0000                00129         extern STK10
  0000                00130         extern STK09
  0000                00131         extern STK08
  0000                00132         extern STK07
  0000                00133         extern STK06
  0000                00134         extern STK05
  0000                00135         extern STK04
  0000                00136         extern STK03
  0000                00137         extern STK02
  0000                00138         extern STK01
  0000                00139         extern STK00
                      00140 ;--------------------------------------------------------
                      00141 ; global declarations
                      00142 ;--------------------------------------------------------
  0000                00143         global  _OS_Schedule
  0000                00144         global  _OS_Update
  0000                00145         global  _OS_GoToSleep
  0000                00146         global  _OS_Start
  0000                00147         global  _OS_Init
                      00148 
                      00149 ;--------------------------------------------------------
gpasm-1.4.0 #1106 (Oct  6 2014) obj\Debug\OS.   12-27-2019  16:45:01        PAGE  4


LOC    OBJECT CODE    LINE  SOURCE TEXT
  VALUE

                      00150 ; global definitions
                      00151 ;--------------------------------------------------------
                      00152 ;--------------------------------------------------------
                      00153 ; absolute symbol definitions
                      00154 ;--------------------------------------------------------
                      00155 ;--------------------------------------------------------
                      00156 ; compiler-defined variables
                      00157 ;--------------------------------------------------------
                      00158 UDL_OS_0        udata
0000                  00159 r0x1002 res     1
0001                  00160 r0x1004 res     1
0002                  00161 r0x1005 res     1
                      00162 ;--------------------------------------------------------
                      00163 ; initialized data
                      00164 ;--------------------------------------------------------
                      00165 
                      00166 ID_OS_0 idata
0000                  00167 _OS_Flag
0000   00             00168         db      0x00
                      00169 
                      00170 ;--------------------------------------------------------
                      00171 ; overlayable items in internal ram 
                      00172 ;--------------------------------------------------------
                      00173 ;       udata_ovr
                      00174 ;--------------------------------------------------------
                      00175 ; interrupt and initialization code
                      00176 ;--------------------------------------------------------
                      00177 c_interrupt     code    0x4
0004                  00178 __sdcc_interrupt
                      00179 ;***
                      00180 ;  pBlock Stats: dbName = I
                      00181 ;***
                      00182 ;entry:  _OS_Update     ;Function start
                      00183 ; 0 exit points
                      00184 ;2 compiler assigned registers:
                      00185 ;   r0x1004
                      00186 ;   r0x1005
                      00187 ;; Starting pCode block
                      00188 ;;; /home/sdcc-builder/build/sdcc-build/orig/sdcc/src/pic14/gen.c:2316:resultRemat *{*
                      00189 ;;; /home/sdcc-builder/build/sdcc-build/orig/sdcc/src/pic14/gen.c:2760:genLabel *{*
                      00190 ;; ***  genLabel  2763
                      00191 ;;; /home/sdcc-builder/build/sdcc-build/orig/sdcc/src/pic14/gen.c:2316:resultRemat *{*
                      00192 ;;; /home/sdcc-builder/build/sdcc-build/orig/sdcc/src/pic14/gen.c:2340:genFunction *{*
                      00193 ;; ***  genFunction  2342 curr label offset=12previous max_key=0 
0004                  00194 _OS_Update      ;Function start
                      00195 ; 0 exit points
                      00196 ;; >>> /home/sdcc-builder/build/sdcc-build/orig/sdcc/src/pic14/gen.c:2407:genFunction
                      00197         .line   30; "OS.c"      void OS_Update(void) __interrupt 0
0004   00??           00198         MOVWF   WSAVE
                      00199 ;; >>> /home/sdcc-builder/build/sdcc-build/orig/sdcc/src/pic14/gen.c:2408:genFunction
0005   0E03           00200         SWAPF   STATUS,W
                      00201 ;; >>> /home/sdcc-builder/build/sdcc-build/orig/sdcc/src/pic14/gen.c:2413:genFunction
0006   0183           00202         CLRF    STATUS
gpasm-1.4.0 #1106 (Oct  6 2014) obj\Debug\OS.   12-27-2019  16:45:01        PAGE  5


LOC    OBJECT CODE    LINE  SOURCE TEXT
  VALUE

                      00203 ;; >>> /home/sdcc-builder/build/sdcc-build/orig/sdcc/src/pic14/gen.c:2414:genFunction
0007   00??           00204         MOVWF   SSAVE
                      00205 ;; >>> /home/sdcc-builder/build/sdcc-build/orig/sdcc/src/pic14/gen.c:2416:genFunction
0008   080A           00206         MOVF    PCLATH,W
                      00207 ;; >>> /home/sdcc-builder/build/sdcc-build/orig/sdcc/src/pic14/gen.c:2418:genFunction
0009   018A           00208         CLRF    PCLATH
                      00209 ;; >>> /home/sdcc-builder/build/sdcc-build/orig/sdcc/src/pic14/gen.c:2419:genFunction
000A   00??           00210         MOVWF   PSAVE
                      00211 ;; >>> /home/sdcc-builder/build/sdcc-build/orig/sdcc/src/pic14/gen.c:2421:genFunction
000B   0804           00212         MOVF    FSR,W
                      00213 ;; >>> /home/sdcc-builder/build/sdcc-build/orig/sdcc/src/pic14/gen.c:2422:genFunction
000C   ???? ????      00214         BANKSEL ___sdcc_saved_fsr
000E   00??           00215         MOVWF   ___sdcc_saved_fsr
                      00216 ;;; /home/sdcc-builder/build/sdcc-build/orig/sdcc/src/pic14/gen.c:2316:resultRemat *{*
                      00217 ;;; /home/sdcc-builder/build/sdcc-build/orig/sdcc/src/pic14/gen.c:2316:resultRemat *{*
                      00218 ;;; /home/sdcc-builder/build/sdcc-build/orig/sdcc/src/pic14/gen.c:6686:genPointerSet *{*
                      00219 ;; ***  genPointerSet  6687
                      00220 ;;; /home/sdcc-builder/build/sdcc-build/orig/sdcc/src/pic14/gen.c:6505:genNearPointerSet *{*
                      00221 ;; ***  genNearPointerSet  6506
                      00222 ;;      613
                      00223 ;;      aopForRemat 392
                      00224 ;;      418: rname _INTCONbits, val 0, const = 0
                      00225 ;; ***  genNearPointerSet  6521
                      00226 ;;      833: aopGet AOP_PCODE type PO_IMMEDIATE
                      00227 ;;      _INTCONbits
                      00228 ;;      line = 6523 result AOP_PCODE=_INTCONbits, size=2, left -=-, size=0, right AOP_LIT=0x00, size=1
                      00229 ;;; /home/sdcc-builder/build/sdcc-build/orig/sdcc/src/pic14/gen.c:6249:genPackBits *{*
                      00230 ;; ***  genPackBits  6250
                      00231 ;;      833: aopGet AOP_PCODE type PO_IMMEDIATE
                      00232 ;;      _INTCONbits
                      00233 ;; >>> /home/sdcc-builder/build/sdcc-build/orig/sdcc/src/pic14/gen.c:6275:genPackBits
                      00234         .line   32; "OS.c"      TMR_CLEAR_FLAG;
000F   ???? ????      00235         BANKSEL _INTCONbits
0011   11??           00236         BCF     _INTCONbits,2
                      00237 ;;; /home/sdcc-builder/build/sdcc-build/orig/sdcc/src/pic14/gen.c:2316:resultRemat *{*
                      00238 ;;; /home/sdcc-builder/build/sdcc-build/orig/sdcc/src/pic14/gen.c:6927:genAssign *{*
                      00239 ;; ***  genAssign  6928
                      00240 ;; ***  aopForSym 315
                      00241 ;;      327 sym->rname = _TMR0, size = 1
                      00242 ;;      line = 6937 result AOP_DIR=_TMR0, size=1, left -=-, size=0, right AOP_LIT=0xd8, size=1
                      00243 ;; ***  genAssign  7023
                      00244 ;; >>> /home/sdcc-builder/build/sdcc-build/orig/sdcc/src/pic14/gen.c:7030:genAssign
                      00245         .line   33; "OS.c"      TMR_UPDATE_REGISTER(OS_TICK_MS);
0012   30D8           00246         MOVLW   0xd8
                      00247 ;; >>> /home/sdcc-builder/build/sdcc-build/orig/sdcc/src/pic14/gen.c:7032:genAssign
                      00248 ;;      1009
                      00249 ;;      1028  _TMR0   offset=0
0013   00??           00250         MOVWF   _TMR0
                      00251 ;;; /home/sdcc-builder/build/sdcc-build/orig/sdcc/src/pic14/gen.c:2316:resultRemat *{*
                      00252 ;;; /home/sdcc-builder/build/sdcc-build/orig/sdcc/src/pic14/gen.c:2316:resultRemat *{*
                      00253 ;;; /home/sdcc-builder/build/sdcc-build/orig/sdcc/src/pic14/gen.c:2316:resultRemat *{*
                      00254 ;;; /home/sdcc-builder/build/sdcc-build/orig/sdcc/src/pic14/gen.c:6162:genPointerGet *{*
                      00255 ;; ***  genPointerGet  6163
gpasm-1.4.0 #1106 (Oct  6 2014) obj\Debug\OS.   12-27-2019  16:45:01        PAGE  6


LOC    OBJECT CODE    LINE  SOURCE TEXT
  VALUE

                      00256 ;;; /home/sdcc-builder/build/sdcc-build/orig/sdcc/src/pic14/gen.c:5944:genNearPointerGet *{*
                      00257 ;; ***  genNearPointerGet  5945
                      00258 ;;      613
                      00259 ;;      aopForRemat 392
                      00260 ;;      418: rname _PORTCbits, val 0, const = 0
                      00261 ;; ***  genNearPointerGet  5961
                      00262 ;;      694 register type nRegs=1
                      00263 ;;; /home/sdcc-builder/build/sdcc-build/orig/sdcc/src/pic14/gen.c:5760:genUnpackBits *{*
                      00264 ;; ***  genUnpackBits  5761
                      00265 ;; >>> /home/sdcc-builder/build/sdcc-build/orig/sdcc/src/pic14/gen.c:5799:genUnpackBits
                      00266 ;;      1109 rIdx = r0x104B 
                      00267         .line   34; "OS.c"      RC7 = 1 ^ RC7;
0014   ???? ????      00268         BANKSEL r0x1004
0016   01??           00269         CLRF    r0x1004
                      00270 ;; >>> /home/sdcc-builder/build/sdcc-build/orig/sdcc/src/pic14/gen.c:5805:genUnpackBits
                      00271 ;;      833: aopGet AOP_PCODE type PO_IMMEDIATE
                      00272 ;;      _PORTCbits
0017   ???? ????      00273         BANKSEL _PORTCbits
0019   1F??           00274         BTFSS   _PORTCbits,7
001A   2???           00275         GOTO    _00001_DS_
                      00276 ;; >>> /home/sdcc-builder/build/sdcc-build/orig/sdcc/src/pic14/gen.c:5835:genUnpackBits
                      00277 ;;      1109 rIdx = r0x104B 
001B   ???? ????      00278         BANKSEL r0x1004
001D   0A??           00279         INCF    r0x1004,F
                      00280 ;; ***  addSign  861
                      00281 ;;; /home/sdcc-builder/build/sdcc-build/orig/sdcc/src/pic14/genarith.c:862:addSign *{*
                      00282 ;;; /home/sdcc-builder/build/sdcc-build/orig/sdcc/src/pic14/gen.c:2316:resultRemat *{*
                      00283 ;;; /home/sdcc-builder/build/sdcc-build/orig/sdcc/src/pic14/gen.c:7120:genCast *{*
                      00284 ;; ***  genCast  7121
                      00285 ;;      694 register type nRegs=1
                      00286 ;;      694 register type nRegs=1
                      00287 ;;      line = 7129 result AOP_REG=r0x104C, size=1, left -=-, size=0, right AOP_REG=r0x104B, size=1
                      00288 ;; ***  genCast  7253
                      00289 ;; >>> /home/sdcc-builder/build/sdcc-build/orig/sdcc/src/pic14/gen.c:7277:genCast
                      00290 ;;      1109 rIdx = r0x104B 
001E                  00291 _00001_DS_
001E   ???? ????      00292         BANKSEL r0x1004
0020   08??           00293         MOVF    r0x1004,W
                      00294 ;; >>> /home/sdcc-builder/build/sdcc-build/orig/sdcc/src/pic14/gen.c:7278:genCast
                      00295 ;;      1109 rIdx = r0x104C 
0021   00??           00296         MOVWF   r0x1005
                      00297 ;;; /home/sdcc-builder/build/sdcc-build/orig/sdcc/src/pic14/gen.c:2316:resultRemat *{*
                      00298 ;;; /home/sdcc-builder/build/sdcc-build/orig/sdcc/src/pic14/gen.c:4501:genXor *{*
                      00299 ;; ***  genXor  4502
                      00300 ;;      694 register type nRegs=1
                      00301 ;;      694 register type nRegs=1
                      00302 ;; >>> /home/sdcc-builder/build/sdcc-build/orig/sdcc/src/pic14/gen.c:4708:genXor
0022   3001           00303         MOVLW   0x01
                      00304 ;; >>> /home/sdcc-builder/build/sdcc-build/orig/sdcc/src/pic14/gen.c:4709:genXor
                      00305 ;;      1109 rIdx = r0x104C 
0023   06??           00306         XORWF   r0x1005,W
                      00307 ;; >>> /home/sdcc-builder/build/sdcc-build/orig/sdcc/src/pic14/gen.c:4710:genXor
                      00308 ;;      1109 rIdx = r0x104B 
gpasm-1.4.0 #1106 (Oct  6 2014) obj\Debug\OS.   12-27-2019  16:45:01        PAGE  7


LOC    OBJECT CODE    LINE  SOURCE TEXT
  VALUE

0024   00??           00309         MOVWF   r0x1004
0025   00??           00310         MOVWF   r0x1005
                      00311 ;;; /home/sdcc-builder/build/sdcc-build/orig/sdcc/src/pic14/gen.c:2316:resultRemat *{*
                      00312 ;;; /home/sdcc-builder/build/sdcc-build/orig/sdcc/src/pic14/gen.c:6686:genPointerSet *{*
                      00313 ;; ***  genPointerSet  6687
                      00314 ;;; /home/sdcc-builder/build/sdcc-build/orig/sdcc/src/pic14/gen.c:6505:genNearPointerSet *{*
                      00315 ;; ***  genNearPointerSet  6506
                      00316 ;;      613
                      00317 ;;      aopForRemat 392
                      00318 ;;      418: rname _PORTCbits, val 0, const = 0
                      00319 ;; ***  genNearPointerSet  6521
                      00320 ;;      694 register type nRegs=1
                      00321 ;;      833: aopGet AOP_PCODE type PO_IMMEDIATE
                      00322 ;;      _PORTCbits
                      00323 ;;      line = 6523 result AOP_PCODE=_PORTCbits, size=2, left -=-, size=0, right AOP_REG=r0x104C, size=1
                      00324 ;;; /home/sdcc-builder/build/sdcc-build/orig/sdcc/src/pic14/gen.c:6249:genPackBits *{*
                      00325 ;; ***  genPackBits  6250
                      00326 ;; >>> /home/sdcc-builder/build/sdcc-build/orig/sdcc/src/pic14/gen.c:6354:genPackBits
                      00327 ;;      1109 rIdx = r0x104C 
0026   0C??           00328         RRF     r0x1005,W
                      00329 ;; >>> /home/sdcc-builder/build/sdcc-build/orig/sdcc/src/pic14/gen.c:6355:genPackBits
0027   1803           00330         BTFSC   STATUS,0
0028   2???           00331         GOTO    _00002_DS_
                      00332 ;; >>> /home/sdcc-builder/build/sdcc-build/orig/sdcc/src/pic14/gen.c:6356:genPackBits
                      00333 ;;      833: aopGet AOP_PCODE type PO_IMMEDIATE
                      00334 ;;      _PORTCbits
0029   ???? ????      00335         BANKSEL _PORTCbits
002B   13??           00336         BCF     _PORTCbits,7
                      00337 ;; >>> /home/sdcc-builder/build/sdcc-build/orig/sdcc/src/pic14/gen.c:6357:genPackBits
002C                  00338 _00002_DS_
002C   1C03           00339         BTFSS   STATUS,0
002D   2???           00340         GOTO    _00003_DS_
                      00341 ;; >>> /home/sdcc-builder/build/sdcc-build/orig/sdcc/src/pic14/gen.c:6358:genPackBits
                      00342 ;;      833: aopGet AOP_PCODE type PO_IMMEDIATE
                      00343 ;;      _PORTCbits
002E   ???? ????      00344         BANKSEL _PORTCbits
0030   17??           00345         BSF     _PORTCbits,7
                      00346 ;;; /home/sdcc-builder/build/sdcc-build/orig/sdcc/src/pic14/gen.c:2316:resultRemat *{*
                      00347 ;;; /home/sdcc-builder/build/sdcc-build/orig/sdcc/src/pic14/gen.c:6927:genAssign *{*
                      00348 ;; ***  genAssign  6928
                      00349 ;; ***  aopForSym 315
                      00350 ;;      327 sym->rname = _OS_Flag, size = 1
                      00351 ;;      line = 6937 result AOP_DIR=_OS_Flag, size=1, left -=-, size=0, right AOP_LIT=0x01, size=1
                      00352 ;; ***  genAssign  7023
                      00353 ;; >>> /home/sdcc-builder/build/sdcc-build/orig/sdcc/src/pic14/gen.c:7030:genAssign
0031                  00354 _00003_DS_
                      00355         .line   35; "OS.c"      OS_Flag = 1;
0031   3001           00356         MOVLW   0x01
                      00357 ;; >>> /home/sdcc-builder/build/sdcc-build/orig/sdcc/src/pic14/gen.c:7032:genAssign
                      00358 ;;      1009
                      00359 ;;      1028  _OS_Flag   offset=0
0032   ???? ????      00360         BANKSEL _OS_Flag
0034   00??           00361         MOVWF   _OS_Flag
gpasm-1.4.0 #1106 (Oct  6 2014) obj\Debug\OS.   12-27-2019  16:45:01        PAGE  8


LOC    OBJECT CODE    LINE  SOURCE TEXT
  VALUE

                      00362 ;;; /home/sdcc-builder/build/sdcc-build/orig/sdcc/src/pic14/gen.c:2316:resultRemat *{*
                      00363 ;;; /home/sdcc-builder/build/sdcc-build/orig/sdcc/src/pic14/gen.c:2760:genLabel *{*
                      00364 ;; ***  genLabel  2763
                      00365 ;;; /home/sdcc-builder/build/sdcc-build/orig/sdcc/src/pic14/gen.c:2316:resultRemat *{*
                      00366 ;;; /home/sdcc-builder/build/sdcc-build/orig/sdcc/src/pic14/gen.c:2528:genEndFunction *{*
                      00367 ;; ***  genEndFunction  2530
                      00368 ;; >>> /home/sdcc-builder/build/sdcc-build/orig/sdcc/src/pic14/gen.c:2622:genEndFunction
0035   ???? ????      00369         BANKSEL ___sdcc_saved_fsr
0037   08??           00370         MOVF    ___sdcc_saved_fsr,W
                      00371 ;; >>> /home/sdcc-builder/build/sdcc-build/orig/sdcc/src/pic14/gen.c:2623:genEndFunction
0038   1283 1303      00372         BANKSEL FSR
003A   0084           00373         MOVWF   FSR
                      00374 ;; >>> /home/sdcc-builder/build/sdcc-build/orig/sdcc/src/pic14/gen.c:2625:genEndFunction
003B   08??           00375         MOVF    PSAVE,W
                      00376 ;; >>> /home/sdcc-builder/build/sdcc-build/orig/sdcc/src/pic14/gen.c:2626:genEndFunction
003C   008A           00377         MOVWF   PCLATH
                      00378 ;; >>> /home/sdcc-builder/build/sdcc-build/orig/sdcc/src/pic14/gen.c:2627:genEndFunction
003D   0183           00379         CLRF    STATUS
                      00380 ;; >>> /home/sdcc-builder/build/sdcc-build/orig/sdcc/src/pic14/gen.c:2629:genEndFunction
003E   0E??           00381         SWAPF   SSAVE,W
                      00382 ;; >>> /home/sdcc-builder/build/sdcc-build/orig/sdcc/src/pic14/gen.c:2630:genEndFunction
003F   0083           00383         MOVWF   STATUS
                      00384 ;; >>> /home/sdcc-builder/build/sdcc-build/orig/sdcc/src/pic14/gen.c:2631:genEndFunction
0040   0E??           00385         SWAPF   WSAVE,F
                      00386 ;; >>> /home/sdcc-builder/build/sdcc-build/orig/sdcc/src/pic14/gen.c:2632:genEndFunction
0041   0E??           00387         SWAPF   WSAVE,W
0042                  00388 END_OF_INTERRUPT
0042   0009           00389         RETFIE  
                      00390 ;;; /home/sdcc-builder/build/sdcc-build/orig/sdcc/src/pic14/gen.c:7426:genpic14Code *{*
                      00391 
                      00392 ;--------------------------------------------------------
                      00393 ; code
                      00394 ;--------------------------------------------------------
                      00395 code_OS code
                      00396 ;***
                      00397 ;  pBlock Stats: dbName = C
                      00398 ;***
                      00399 ;entry:  _OS_Schedule   ;Function start
                      00400 ; 2 exit points
                      00401 ;has an exit
                      00402 ;functions called:
                      00403 ;   _SSD_Update
                      00404 ;   _SW_Update
                      00405 ;   _CNT_Update
                      00406 ;   _DISP_Update
                      00407 ;   _OS_GoToSleep
                      00408 ;   _SSD_Update
                      00409 ;   _SW_Update
                      00410 ;   _CNT_Update
                      00411 ;   _DISP_Update
                      00412 ;   _OS_GoToSleep
                      00413 ;; Starting pCode block
                      00414 ;;; /home/sdcc-builder/build/sdcc-build/orig/sdcc/src/pic14/gen.c:2316:resultRemat *{*
gpasm-1.4.0 #1106 (Oct  6 2014) obj\Debug\OS.   12-27-2019  16:45:01        PAGE  9


LOC    OBJECT CODE    LINE  SOURCE TEXT
  VALUE

                      00415 ;;; /home/sdcc-builder/build/sdcc-build/orig/sdcc/src/pic14/gen.c:2760:genLabel *{*
                      00416 ;; ***  genLabel  2763
                      00417 ;;; /home/sdcc-builder/build/sdcc-build/orig/sdcc/src/pic14/gen.c:2316:resultRemat *{*
                      00418 ;;; /home/sdcc-builder/build/sdcc-build/orig/sdcc/src/pic14/gen.c:2340:genFunction *{*
                      00419 ;; ***  genFunction  2342 curr label offset=16previous max_key=0 
0000                  00420 _OS_Schedule    ;Function start
                      00421 ; 2 exit points
                      00422 ;;; /home/sdcc-builder/build/sdcc-build/orig/sdcc/src/pic14/gen.c:2316:resultRemat *{*
                      00423 ;;; /home/sdcc-builder/build/sdcc-build/orig/sdcc/src/pic14/gen.c:2760:genLabel *{*
                      00424 ;; ***  genLabel  2763
                      00425 ;;; /home/sdcc-builder/build/sdcc-build/orig/sdcc/src/pic14/gen.c:2316:resultRemat *{*
                      00426 ;;; /home/sdcc-builder/build/sdcc-build/orig/sdcc/src/pic14/gen.c:6759:genIfx *{*
                      00427 ;; ***  genIfx  6760
                      00428 ;; ***  aopForSym 315
                      00429 ;;      327 sym->rname = _OS_Flag, size = 1
                      00430 ;; ***  pic14_toBoolean  1515
                      00431 ;; >>> /home/sdcc-builder/build/sdcc-build/orig/sdcc/src/pic14/gen.c:1522:pic14_toBoolean
0000                  00432 _00121_DS_
                      00433         .line   43; "OS.c"      while(OS_Flag == 0);
0000   3000           00434         MOVLW   0x00
                      00435 ;; >>> /home/sdcc-builder/build/sdcc-build/orig/sdcc/src/pic14/gen.c:1533:pic14_toBoolean
                      00436 ;;      1009
                      00437 ;;      1028  _OS_Flag   offset=0
0001   ???? ????      00438         BANKSEL _OS_Flag
0003   04??           00439         IORWF   _OS_Flag,W
                      00440 ;; >>> /home/sdcc-builder/build/sdcc-build/orig/sdcc/src/pic14/gen.c:6813:genIfx
0004   1903           00441         BTFSC   STATUS,2
                      00442 ;; >>> /home/sdcc-builder/build/sdcc-build/orig/sdcc/src/pic14/gen.c:6814:genIfx
                      00443 ;; ***  popGetLabel  key=1, label offset 20
0005   2???           00444         GOTO    _00121_DS_
                      00445 ;;; /home/sdcc-builder/build/sdcc-build/orig/sdcc/src/pic14/gen.c:2316:resultRemat *{*
                      00446 ;;; /home/sdcc-builder/build/sdcc-build/orig/sdcc/src/pic14/gen.c:6927:genAssign *{*
                      00447 ;; ***  genAssign  6928
                      00448 ;; ***  aopForSym 315
                      00449 ;;      327 sym->rname = _OS_Flag, size = 1
                      00450 ;;      line = 6937 result AOP_DIR=_OS_Flag, size=1, left -=-, size=0, right AOP_LIT=0x00, size=1
                      00451 ;; ***  genAssign  7023
                      00452 ;; >>> /home/sdcc-builder/build/sdcc-build/orig/sdcc/src/pic14/gen.c:7035:genAssign
                      00453 ;;      1009
                      00454 ;;      1028  _OS_Flag   offset=0
                      00455         .line   44; "OS.c"      OS_Flag = 0;
0006   01??           00456         CLRF    _OS_Flag
                      00457 ;;; /home/sdcc-builder/build/sdcc-build/orig/sdcc/src/pic14/gen.c:2316:resultRemat *{*
                      00458 ;;; /home/sdcc-builder/build/sdcc-build/orig/sdcc/src/pic14/gen.c:2086:genCall *{*
                      00459 ;; ***  genCall  2088
                      00460 ;;; /home/sdcc-builder/build/sdcc-build/orig/sdcc/src/pic14/gen.c:1801:saveRegisters *{*
                      00461 ;; ***  saveRegisters  1803
                      00462 ;; >>> /home/sdcc-builder/build/sdcc-build/orig/sdcc/src/pic14/gen.c:2173:genCall
                      00463         .line   46; "OS.c"      SSD_Update();
0007   ???? ????      00464         PAGESEL _SSD_Update
                      00465 ;; >>> /home/sdcc-builder/build/sdcc-build/orig/sdcc/src/pic14/gen.c:2175:genCall
0009   2???           00466         CALL    _SSD_Update
                      00467 ;; >>> /home/sdcc-builder/build/sdcc-build/orig/sdcc/src/pic14/gen.c:2181:genCall
gpasm-1.4.0 #1106 (Oct  6 2014) obj\Debug\OS.   12-27-2019  16:45:01        PAGE 10


LOC    OBJECT CODE    LINE  SOURCE TEXT
  VALUE

000A   ???? ????      00468         PAGESEL $
                      00469 ;;; /home/sdcc-builder/build/sdcc-build/orig/sdcc/src/pic14/gen.c:1845:unsaveRegisters *{*
                      00470 ;; ***  unsaveRegisters  1847
                      00471 ;;; /home/sdcc-builder/build/sdcc-build/orig/sdcc/src/pic14/gen.c:2316:resultRemat *{*
                      00472 ;;; /home/sdcc-builder/build/sdcc-build/orig/sdcc/src/pic14/gen.c:2086:genCall *{*
                      00473 ;; ***  genCall  2088
                      00474 ;;; /home/sdcc-builder/build/sdcc-build/orig/sdcc/src/pic14/gen.c:1801:saveRegisters *{*
                      00475 ;; ***  saveRegisters  1803
                      00476 ;; >>> /home/sdcc-builder/build/sdcc-build/orig/sdcc/src/pic14/gen.c:2173:genCall
                      00477         .line   47; "OS.c"      SW_Update();
000C   ???? ????      00478         PAGESEL _SW_Update
                      00479 ;; >>> /home/sdcc-builder/build/sdcc-build/orig/sdcc/src/pic14/gen.c:2175:genCall
000E   2???           00480         CALL    _SW_Update
                      00481 ;; >>> /home/sdcc-builder/build/sdcc-build/orig/sdcc/src/pic14/gen.c:2181:genCall
000F   ???? ????      00482         PAGESEL $
                      00483 ;;; /home/sdcc-builder/build/sdcc-build/orig/sdcc/src/pic14/gen.c:1845:unsaveRegisters *{*
                      00484 ;; ***  unsaveRegisters  1847
                      00485 ;;; /home/sdcc-builder/build/sdcc-build/orig/sdcc/src/pic14/gen.c:2316:resultRemat *{*
                      00486 ;;; /home/sdcc-builder/build/sdcc-build/orig/sdcc/src/pic14/gen.c:2086:genCall *{*
                      00487 ;; ***  genCall  2088
                      00488 ;;; /home/sdcc-builder/build/sdcc-build/orig/sdcc/src/pic14/gen.c:1801:saveRegisters *{*
                      00489 ;; ***  saveRegisters  1803
                      00490 ;; >>> /home/sdcc-builder/build/sdcc-build/orig/sdcc/src/pic14/gen.c:2173:genCall
                      00491         .line   48; "OS.c"      CNT_Update();
0011   ???? ????      00492         PAGESEL _CNT_Update
                      00493 ;; >>> /home/sdcc-builder/build/sdcc-build/orig/sdcc/src/pic14/gen.c:2175:genCall
0013   2???           00494         CALL    _CNT_Update
                      00495 ;; >>> /home/sdcc-builder/build/sdcc-build/orig/sdcc/src/pic14/gen.c:2181:genCall
0014   ???? ????      00496         PAGESEL $
                      00497 ;;; /home/sdcc-builder/build/sdcc-build/orig/sdcc/src/pic14/gen.c:1845:unsaveRegisters *{*
                      00498 ;; ***  unsaveRegisters  1847
                      00499 ;;; /home/sdcc-builder/build/sdcc-build/orig/sdcc/src/pic14/gen.c:2316:resultRemat *{*
                      00500 ;;; /home/sdcc-builder/build/sdcc-build/orig/sdcc/src/pic14/gen.c:2086:genCall *{*
                      00501 ;; ***  genCall  2088
                      00502 ;;; /home/sdcc-builder/build/sdcc-build/orig/sdcc/src/pic14/gen.c:1801:saveRegisters *{*
                      00503 ;; ***  saveRegisters  1803
                      00504 ;; >>> /home/sdcc-builder/build/sdcc-build/orig/sdcc/src/pic14/gen.c:2173:genCall
                      00505         .line   49; "OS.c"      DISP_Update();
0016   ???? ????      00506         PAGESEL _DISP_Update
                      00507 ;; >>> /home/sdcc-builder/build/sdcc-build/orig/sdcc/src/pic14/gen.c:2175:genCall
0018   2???           00508         CALL    _DISP_Update
                      00509 ;; >>> /home/sdcc-builder/build/sdcc-build/orig/sdcc/src/pic14/gen.c:2181:genCall
0019   ???? ????      00510         PAGESEL $
                      00511 ;;; /home/sdcc-builder/build/sdcc-build/orig/sdcc/src/pic14/gen.c:1845:unsaveRegisters *{*
                      00512 ;; ***  unsaveRegisters  1847
                      00513 ;;; /home/sdcc-builder/build/sdcc-build/orig/sdcc/src/pic14/gen.c:2316:resultRemat *{*
                      00514 ;;; /home/sdcc-builder/build/sdcc-build/orig/sdcc/src/pic14/gen.c:2086:genCall *{*
                      00515 ;; ***  genCall  2088
                      00516 ;;; /home/sdcc-builder/build/sdcc-build/orig/sdcc/src/pic14/gen.c:1801:saveRegisters *{*
                      00517 ;; ***  saveRegisters  1803
                      00518 ;; >>> /home/sdcc-builder/build/sdcc-build/orig/sdcc/src/pic14/gen.c:2175:genCall
                      00519         .line   52; "OS.c"      OS_GoToSleep();
001B   2???           00520         CALL    _OS_GoToSleep
gpasm-1.4.0 #1106 (Oct  6 2014) obj\Debug\OS.   12-27-2019  16:45:01        PAGE 11


LOC    OBJECT CODE    LINE  SOURCE TEXT
  VALUE

                      00521 ;;; /home/sdcc-builder/build/sdcc-build/orig/sdcc/src/pic14/gen.c:1845:unsaveRegisters *{*
                      00522 ;; ***  unsaveRegisters  1847
                      00523 ;;; /home/sdcc-builder/build/sdcc-build/orig/sdcc/src/pic14/gen.c:2316:resultRemat *{*
                      00524 ;;; /home/sdcc-builder/build/sdcc-build/orig/sdcc/src/pic14/gen.c:2760:genLabel *{*
                      00525 ;; ***  genLabel  2763
                      00526 ;;; /home/sdcc-builder/build/sdcc-build/orig/sdcc/src/pic14/gen.c:2316:resultRemat *{*
                      00527 ;;; /home/sdcc-builder/build/sdcc-build/orig/sdcc/src/pic14/gen.c:2528:genEndFunction *{*
                      00528 ;; ***  genEndFunction  2530
001C   0008           00529         RETURN  
                      00530 ; exit point of _OS_Schedule
                      00531 
                      00532 ;***
                      00533 ;  pBlock Stats: dbName = C
                      00534 ;***
                      00535 ;entry:  _OS_GoToSleep  ;Function start
                      00536 ; 2 exit points
                      00537 ;has an exit
                      00538 ;; Starting pCode block
                      00539 ;;; /home/sdcc-builder/build/sdcc-build/orig/sdcc/src/pic14/gen.c:2316:resultRemat *{*
                      00540 ;;; /home/sdcc-builder/build/sdcc-build/orig/sdcc/src/pic14/gen.c:2760:genLabel *{*
                      00541 ;; ***  genLabel  2763
                      00542 ;;; /home/sdcc-builder/build/sdcc-build/orig/sdcc/src/pic14/gen.c:2316:resultRemat *{*
                      00543 ;;; /home/sdcc-builder/build/sdcc-build/orig/sdcc/src/pic14/gen.c:2340:genFunction *{*
                      00544 ;; ***  genFunction  2342 curr label offset=8previous max_key=0 
001D                  00545 _OS_GoToSleep   ;Function start
                      00546 ; 2 exit points
                      00547 ;;; /home/sdcc-builder/build/sdcc-build/orig/sdcc/src/pic14/gen.c:2316:resultRemat *{*
                      00548 ;;; /home/sdcc-builder/build/sdcc-build/orig/sdcc/src/pic14/gen.c:2760:genLabel *{*
                      00549 ;; ***  genLabel  2763
                      00550 ;;; /home/sdcc-builder/build/sdcc-build/orig/sdcc/src/pic14/gen.c:2316:resultRemat *{*
                      00551 ;;; /home/sdcc-builder/build/sdcc-build/orig/sdcc/src/pic14/gen.c:2528:genEndFunction *{*
                      00552 ;; ***  genEndFunction  2530
                      00553         .line   29; "OS.c"      }
001D   0008           00554         RETURN  
                      00555 ; exit point of _OS_GoToSleep
                      00556 ;;; /home/sdcc-builder/build/sdcc-build/orig/sdcc/src/pic14/gen.c:7426:genpic14Code *{*
                      00557 
                      00558 ;***
                      00559 ;  pBlock Stats: dbName = C
                      00560 ;***
                      00561 ;entry:  _OS_Start      ;Function start
                      00562 ; 2 exit points
                      00563 ;has an exit
                      00564 ;functions called:
                      00565 ;   __mulchar
                      00566 ;   __mulchar
                      00567 ;3 compiler assigned registers:
                      00568 ;   r0x1002
                      00569 ;   STK00
                      00570 ;   r0x1003
                      00571 ;; Starting pCode block
                      00572 ;;; /home/sdcc-builder/build/sdcc-build/orig/sdcc/src/pic14/gen.c:2316:resultRemat *{*
                      00573 ;;; /home/sdcc-builder/build/sdcc-build/orig/sdcc/src/pic14/gen.c:2760:genLabel *{*
gpasm-1.4.0 #1106 (Oct  6 2014) obj\Debug\OS.   12-27-2019  16:45:01        PAGE 12


LOC    OBJECT CODE    LINE  SOURCE TEXT
  VALUE

                      00574 ;; ***  genLabel  2763
                      00575 ;;; /home/sdcc-builder/build/sdcc-build/orig/sdcc/src/pic14/gen.c:2316:resultRemat *{*
                      00576 ;;; /home/sdcc-builder/build/sdcc-build/orig/sdcc/src/pic14/gen.c:2340:genFunction *{*
                      00577 ;; ***  genFunction  2342 curr label offset=4previous max_key=0 
001E                  00578 _OS_Start       ;Function start
                      00579 ; 2 exit points
                      00580 ;;; /home/sdcc-builder/build/sdcc-build/orig/sdcc/src/pic14/gen.c:2316:resultRemat *{*
                      00581 ;;; /home/sdcc-builder/build/sdcc-build/orig/sdcc/src/pic14/gen.c:7358:genReceive *{*
                      00582 ;; ***  genReceive  7359
                      00583 ;;      694 register type nRegs=1
                      00584 ;;; /home/sdcc-builder/build/sdcc-build/orig/sdcc/src/pic14/gen.c:1907:assignResultValue *{*
                      00585 ;; ***  assignResultValue  1909
                      00586 ;;      line = 1911 result -=-, size=0, left AOP_REG=r0x1049, size=1, right -=-, size=0
                      00587 ;; >>> /home/sdcc-builder/build/sdcc-build/orig/sdcc/src/pic14/gen.c:1393:movwf
                      00588 ;;      1109 rIdx = r0x1049 
                      00589         .line   17; "OS.c"      void OS_Start(tByte tick)
001E   ???? ????      00590         BANKSEL r0x1002
0020   00??           00591         MOVWF   r0x1002
                      00592 ;;; /home/sdcc-builder/build/sdcc-build/orig/sdcc/src/pic14/gen.c:2316:resultRemat *{*
                      00593 ;;; /home/sdcc-builder/build/sdcc-build/orig/sdcc/src/pic14/gen.c:2316:resultRemat *{*
                      00594 ;;; /home/sdcc-builder/build/sdcc-build/orig/sdcc/src/pic14/gen.c:6686:genPointerSet *{*
                      00595 ;; ***  genPointerSet  6687
                      00596 ;;; /home/sdcc-builder/build/sdcc-build/orig/sdcc/src/pic14/gen.c:6505:genNearPointerSet *{*
                      00597 ;; ***  genNearPointerSet  6506
                      00598 ;;      613
                      00599 ;;      aopForRemat 392
                      00600 ;;      418: rname _INTCONbits, val 0, const = 0
                      00601 ;; ***  genNearPointerSet  6521
                      00602 ;;      833: aopGet AOP_PCODE type PO_IMMEDIATE
                      00603 ;;      _INTCONbits
                      00604 ;;      line = 6523 result AOP_PCODE=_INTCONbits, size=2, left -=-, size=0, right AOP_LIT=0x00, size=1
                      00605 ;;; /home/sdcc-builder/build/sdcc-build/orig/sdcc/src/pic14/gen.c:6249:genPackBits *{*
                      00606 ;; ***  genPackBits  6250
                      00607 ;;      833: aopGet AOP_PCODE type PO_IMMEDIATE
                      00608 ;;      _INTCONbits
                      00609 ;; >>> /home/sdcc-builder/build/sdcc-build/orig/sdcc/src/pic14/gen.c:6275:genPackBits
                      00610         .line   19; "OS.c"      TMR_CLEAR_FLAG;
0021   ???? ????      00611         BANKSEL _INTCONbits
0023   11??           00612         BCF     _INTCONbits,2
                      00613 ;;; /home/sdcc-builder/build/sdcc-build/orig/sdcc/src/pic14/gen.c:2316:resultRemat *{*
                      00614 ;;; /home/sdcc-builder/build/sdcc-build/orig/sdcc/src/pic14/gen.c:2878:genMult *{*
                      00615 ;; ***  genMult  2880
                      00616 ;;      694 register type nRegs=1
                      00617 ;;      694 register type nRegs=1
                      00618 ;;      line = 2886 result AOP_REG=r0x104A, size=1, left AOP_REG=r0x1049, size=1, right AOP_LIT=0x08, si
                            ze=1
                      00619 ;;; /home/sdcc-builder/build/sdcc-build/orig/sdcc/src/pic14/gen.c:2816:genMultOneByte *{*
                      00620 ;; ***  genMultOneByte  2818
                      00621 ;;      line = 2819 result AOP_REG=r0x104A, size=1, left AOP_REG=r0x1049, size=1, right AOP_LIT=0x08, si
                            ze=1
                      00622 ;;      line = 2820, signs: result AOP_REG=u, left AOP_REG=u, right AOP_LIT=u
                      00623 ;; ***  mov2w  1381  offset=0
                      00624 ;; >>> /home/sdcc-builder/build/sdcc-build/orig/sdcc/src/pic14/gen.c:1384:mov2w
gpasm-1.4.0 #1106 (Oct  6 2014) obj\Debug\OS.   12-27-2019  16:45:01        PAGE 13


LOC    OBJECT CODE    LINE  SOURCE TEXT
  VALUE

                      00625         .line   20; "OS.c"      TMR_UPDATE_REGISTER(tick);
0024   3008           00626         MOVLW   0x08
                      00627 ;; >>> /home/sdcc-builder/build/sdcc-build/orig/sdcc/src/pic14/gen.c:2840:genMultOneByte
                      00628 ;; ***  popRegFromIdx,1042  , rIdx=0x7f
0025   00??           00629         MOVWF   STK00
                      00630 ;; ***  mov2w  1381  offset=0
                      00631 ;; >>> /home/sdcc-builder/build/sdcc-build/orig/sdcc/src/pic14/gen.c:1386:mov2w
                      00632 ;;      1109 rIdx = r0x1049 
0026   ???? ????      00633         BANKSEL r0x1002
0028   08??           00634         MOVF    r0x1002,W
                      00635 ;; >>> /home/sdcc-builder/build/sdcc-build/orig/sdcc/src/pic14/gen.c:1433:call_libraryfunc
0029   ???? ????      00636         PAGESEL __mulchar
                      00637 ;; >>> /home/sdcc-builder/build/sdcc-build/orig/sdcc/src/pic14/gen.c:1435:call_libraryfunc
002B   2???           00638         CALL    __mulchar
                      00639 ;; >>> /home/sdcc-builder/build/sdcc-build/orig/sdcc/src/pic14/gen.c:1437:call_libraryfunc
002C   ???? ????      00640         PAGESEL $
                      00641 ;; >>> /home/sdcc-builder/build/sdcc-build/orig/sdcc/src/pic14/gen.c:1393:movwf
                      00642 ;;      1109 rIdx = r0x104A 
                      00643 ;;1     MOVWF   r0x1003
002E   ???? ????      00644         BANKSEL r0x1002
0030   00??           00645         MOVWF   r0x1002
                      00646 ;;; /home/sdcc-builder/build/sdcc-build/orig/sdcc/src/pic14/gen.c:2316:resultRemat *{*
                      00647 ;;; /home/sdcc-builder/build/sdcc-build/orig/sdcc/src/pic14/gen.c:1679:genUminus *{*
                      00648 ;; ***  genUminus  1681
                      00649 ;;      694 register type nRegs=1
                      00650 ;; ***  aopForSym 315
                      00651 ;;      327 sym->rname = _TMR0, size = 1
                      00652 ;; >>> /home/sdcc-builder/build/sdcc-build/orig/sdcc/src/pic14/gen.c:1716:genUminus
                      00653 ;;      1109 rIdx = r0x1049 
0031   09??           00654         COMF    r0x1002,W
                      00655 ;; >>> /home/sdcc-builder/build/sdcc-build/orig/sdcc/src/pic14/gen.c:1717:genUminus
                      00656 ;;      1009
                      00657 ;;      1028  _TMR0   offset=0
0032   ???? ????      00658         BANKSEL _TMR0
0034   00??           00659         MOVWF   _TMR0
                      00660 ;; >>> /home/sdcc-builder/build/sdcc-build/orig/sdcc/src/pic14/gen.c:1721:genUminus
                      00661 ;;      1009
                      00662 ;;      1028  _TMR0   offset=0
0035   0A??           00663         INCF    _TMR0,F
                      00664 ;;; /home/sdcc-builder/build/sdcc-build/orig/sdcc/src/pic14/gen.c:2316:resultRemat *{*
                      00665 ;;; /home/sdcc-builder/build/sdcc-build/orig/sdcc/src/pic14/gen.c:2316:resultRemat *{*
                      00666 ;;; /home/sdcc-builder/build/sdcc-build/orig/sdcc/src/pic14/gen.c:6686:genPointerSet *{*
                      00667 ;; ***  genPointerSet  6687
                      00668 ;;; /home/sdcc-builder/build/sdcc-build/orig/sdcc/src/pic14/gen.c:6505:genNearPointerSet *{*
                      00669 ;; ***  genNearPointerSet  6506
                      00670 ;;      613
                      00671 ;;      aopForRemat 392
                      00672 ;;      418: rname _INTCONbits, val 0, const = 0
                      00673 ;; ***  genNearPointerSet  6521
                      00674 ;;      833: aopGet AOP_PCODE type PO_IMMEDIATE
                      00675 ;;      _INTCONbits
                      00676 ;;      line = 6523 result AOP_PCODE=_INTCONbits, size=2, left -=-, size=0, right AOP_LIT=0x01, size=1
                      00677 ;;; /home/sdcc-builder/build/sdcc-build/orig/sdcc/src/pic14/gen.c:6249:genPackBits *{*
gpasm-1.4.0 #1106 (Oct  6 2014) obj\Debug\OS.   12-27-2019  16:45:01        PAGE 14


LOC    OBJECT CODE    LINE  SOURCE TEXT
  VALUE

                      00678 ;; ***  genPackBits  6250
                      00679 ;;      833: aopGet AOP_PCODE type PO_IMMEDIATE
                      00680 ;;      _INTCONbits
                      00681 ;; >>> /home/sdcc-builder/build/sdcc-build/orig/sdcc/src/pic14/gen.c:6275:genPackBits
                      00682         .line   21; "OS.c"      TMR_ENABLE_INTERRUPT;
0036   16??           00683         BSF     _INTCONbits,5
                      00684 ;;; /home/sdcc-builder/build/sdcc-build/orig/sdcc/src/pic14/gen.c:2316:resultRemat *{*
                      00685 ;;; /home/sdcc-builder/build/sdcc-build/orig/sdcc/src/pic14/gen.c:2316:resultRemat *{*
                      00686 ;;; /home/sdcc-builder/build/sdcc-build/orig/sdcc/src/pic14/gen.c:6686:genPointerSet *{*
                      00687 ;; ***  genPointerSet  6687
                      00688 ;;; /home/sdcc-builder/build/sdcc-build/orig/sdcc/src/pic14/gen.c:6505:genNearPointerSet *{*
                      00689 ;; ***  genNearPointerSet  6506
                      00690 ;;      613
                      00691 ;;      aopForRemat 392
                      00692 ;;      418: rname _INTCONbits, val 0, const = 0
                      00693 ;; ***  genNearPointerSet  6521
                      00694 ;;      833: aopGet AOP_PCODE type PO_IMMEDIATE
                      00695 ;;      _INTCONbits
                      00696 ;;      line = 6523 result AOP_PCODE=_INTCONbits, size=2, left -=-, size=0, right AOP_LIT=0x01, size=1
                      00697 ;;; /home/sdcc-builder/build/sdcc-build/orig/sdcc/src/pic14/gen.c:6249:genPackBits *{*
                      00698 ;; ***  genPackBits  6250
                      00699 ;;      833: aopGet AOP_PCODE type PO_IMMEDIATE
                      00700 ;;      _INTCONbits
                      00701 ;; >>> /home/sdcc-builder/build/sdcc-build/orig/sdcc/src/pic14/gen.c:6275:genPackBits
                      00702         .line   22; "OS.c"      GLOBAL_INTERRUPT_ENABLE;
0037   17??           00703         BSF     _INTCONbits,7
                      00704 ;;; /home/sdcc-builder/build/sdcc-build/orig/sdcc/src/pic14/gen.c:2316:resultRemat *{*
                      00705 ;;; /home/sdcc-builder/build/sdcc-build/orig/sdcc/src/pic14/gen.c:2316:resultRemat *{*
                      00706 ;;; /home/sdcc-builder/build/sdcc-build/orig/sdcc/src/pic14/gen.c:6686:genPointerSet *{*
                      00707 ;; ***  genPointerSet  6687
                      00708 ;;; /home/sdcc-builder/build/sdcc-build/orig/sdcc/src/pic14/gen.c:6505:genNearPointerSet *{*
                      00709 ;; ***  genNearPointerSet  6506
                      00710 ;;      613
                      00711 ;;      aopForRemat 392
                      00712 ;;      418: rname _OPTION_REGbits, val 0, const = 0
                      00713 ;; ***  genNearPointerSet  6521
                      00714 ;;      833: aopGet AOP_PCODE type PO_IMMEDIATE
                      00715 ;;      _OPTION_REGbits
                      00716 ;;      line = 6523 result AOP_PCODE=_OPTION_REGbits, size=2, left -=-, size=0, right AOP_LIT=0x00, size
                            =1
                      00717 ;;; /home/sdcc-builder/build/sdcc-build/orig/sdcc/src/pic14/gen.c:6249:genPackBits *{*
                      00718 ;; ***  genPackBits  6250
                      00719 ;;      833: aopGet AOP_PCODE type PO_IMMEDIATE
                      00720 ;;      _OPTION_REGbits
                      00721 ;; >>> /home/sdcc-builder/build/sdcc-build/orig/sdcc/src/pic14/gen.c:6275:genPackBits
                      00722         .line   23; "OS.c"      TMR_ENABLE_CLOCK;
0038   ???? ????      00723         BANKSEL _OPTION_REGbits
003A   12??           00724         BCF     _OPTION_REGbits,5
                      00725 ;;; /home/sdcc-builder/build/sdcc-build/orig/sdcc/src/pic14/gen.c:2316:resultRemat *{*
                      00726 ;;; /home/sdcc-builder/build/sdcc-build/orig/sdcc/src/pic14/gen.c:2760:genLabel *{*
                      00727 ;; ***  genLabel  2763
                      00728 ;;; /home/sdcc-builder/build/sdcc-build/orig/sdcc/src/pic14/gen.c:2316:resultRemat *{*
                      00729 ;;; /home/sdcc-builder/build/sdcc-build/orig/sdcc/src/pic14/gen.c:2528:genEndFunction *{*
gpasm-1.4.0 #1106 (Oct  6 2014) obj\Debug\OS.   12-27-2019  16:45:01        PAGE 15


LOC    OBJECT CODE    LINE  SOURCE TEXT
  VALUE

                      00730 ;; ***  genEndFunction  2530
003B   0008           00731         RETURN  
                      00732 ; exit point of _OS_Start
                      00733 ;;; /home/sdcc-builder/build/sdcc-build/orig/sdcc/src/pic14/gen.c:7426:genpic14Code *{*
                      00734 
                      00735 ;***
                      00736 ;  pBlock Stats: dbName = C
                      00737 ;***
                      00738 ;entry:  _OS_Init       ;Function start
                      00739 ; 2 exit points
                      00740 ;has an exit
                      00741 ;; Starting pCode block
                      00742 ;;; /home/sdcc-builder/build/sdcc-build/orig/sdcc/src/pic14/gen.c:2316:resultRemat *{*
                      00743 ;;; /home/sdcc-builder/build/sdcc-build/orig/sdcc/src/pic14/gen.c:2760:genLabel *{*
                      00744 ;; ***  genLabel  2763
                      00745 ;;; /home/sdcc-builder/build/sdcc-build/orig/sdcc/src/pic14/gen.c:2316:resultRemat *{*
                      00746 ;;; /home/sdcc-builder/build/sdcc-build/orig/sdcc/src/pic14/gen.c:2340:genFunction *{*
                      00747 ;; ***  genFunction  2342 curr label offset=0previous max_key=0 
003C                  00748 _OS_Init        ;Function start
                      00749 ; 2 exit points
                      00750 ;;; /home/sdcc-builder/build/sdcc-build/orig/sdcc/src/pic14/gen.c:2316:resultRemat *{*
                      00751 ;;; /home/sdcc-builder/build/sdcc-build/orig/sdcc/src/pic14/gen.c:2316:resultRemat *{*
                      00752 ;;; /home/sdcc-builder/build/sdcc-build/orig/sdcc/src/pic14/gen.c:6686:genPointerSet *{*
                      00753 ;; ***  genPointerSet  6687
                      00754 ;;; /home/sdcc-builder/build/sdcc-build/orig/sdcc/src/pic14/gen.c:6505:genNearPointerSet *{*
                      00755 ;; ***  genNearPointerSet  6506
                      00756 ;;      613
                      00757 ;;      aopForRemat 392
                      00758 ;;      418: rname _OPTION_REGbits, val 0, const = 0
                      00759 ;; ***  genNearPointerSet  6521
                      00760 ;;      833: aopGet AOP_PCODE type PO_IMMEDIATE
                      00761 ;;      _OPTION_REGbits
                      00762 ;;      line = 6523 result AOP_PCODE=_OPTION_REGbits, size=2, left -=-, size=0, right AOP_LIT=0x01, size
                            =1
                      00763 ;;; /home/sdcc-builder/build/sdcc-build/orig/sdcc/src/pic14/gen.c:6249:genPackBits *{*
                      00764 ;; ***  genPackBits  6250
                      00765 ;;      833: aopGet AOP_PCODE type PO_IMMEDIATE
                      00766 ;;      _OPTION_REGbits
                      00767 ;; >>> /home/sdcc-builder/build/sdcc-build/orig/sdcc/src/pic14/gen.c:6275:genPackBits
                      00768         .line   10; "OS.c"      TMR_SET_PRESCALER_256;
003C   ???? ????      00769         BANKSEL _OPTION_REGbits
003E   15??           00770         BSF     _OPTION_REGbits,2
                      00771 ;;; /home/sdcc-builder/build/sdcc-build/orig/sdcc/src/pic14/gen.c:2316:resultRemat *{*
                      00772 ;;; /home/sdcc-builder/build/sdcc-build/orig/sdcc/src/pic14/gen.c:2316:resultRemat *{*
                      00773 ;;; /home/sdcc-builder/build/sdcc-build/orig/sdcc/src/pic14/gen.c:6686:genPointerSet *{*
                      00774 ;; ***  genPointerSet  6687
                      00775 ;;; /home/sdcc-builder/build/sdcc-build/orig/sdcc/src/pic14/gen.c:6505:genNearPointerSet *{*
                      00776 ;; ***  genNearPointerSet  6506
                      00777 ;;      613
                      00778 ;;      aopForRemat 392
                      00779 ;;      418: rname _OPTION_REGbits, val 0, const = 0
                      00780 ;; ***  genNearPointerSet  6521
                      00781 ;;      833: aopGet AOP_PCODE type PO_IMMEDIATE
gpasm-1.4.0 #1106 (Oct  6 2014) obj\Debug\OS.   12-27-2019  16:45:01        PAGE 16


LOC    OBJECT CODE    LINE  SOURCE TEXT
  VALUE

                      00782 ;;      _OPTION_REGbits
                      00783 ;;      line = 6523 result AOP_PCODE=_OPTION_REGbits, size=2, left -=-, size=0, right AOP_LIT=0x01, size
                            =1
                      00784 ;;; /home/sdcc-builder/build/sdcc-build/orig/sdcc/src/pic14/gen.c:6249:genPackBits *{*
                      00785 ;; ***  genPackBits  6250
                      00786 ;;      833: aopGet AOP_PCODE type PO_IMMEDIATE
                      00787 ;;      _OPTION_REGbits
                      00788 ;; >>> /home/sdcc-builder/build/sdcc-build/orig/sdcc/src/pic14/gen.c:6275:genPackBits
003F   14??           00789         BSF     _OPTION_REGbits,1
                      00790 ;;; /home/sdcc-builder/build/sdcc-build/orig/sdcc/src/pic14/gen.c:2316:resultRemat *{*
                      00791 ;;; /home/sdcc-builder/build/sdcc-build/orig/sdcc/src/pic14/gen.c:2316:resultRemat *{*
                      00792 ;;; /home/sdcc-builder/build/sdcc-build/orig/sdcc/src/pic14/gen.c:6686:genPointerSet *{*
                      00793 ;; ***  genPointerSet  6687
                      00794 ;;; /home/sdcc-builder/build/sdcc-build/orig/sdcc/src/pic14/gen.c:6505:genNearPointerSet *{*
                      00795 ;; ***  genNearPointerSet  6506
                      00796 ;;      613
                      00797 ;;      aopForRemat 392
                      00798 ;;      418: rname _OPTION_REGbits, val 0, const = 0
                      00799 ;; ***  genNearPointerSet  6521
                      00800 ;;      833: aopGet AOP_PCODE type PO_IMMEDIATE
                      00801 ;;      _OPTION_REGbits
                      00802 ;;      line = 6523 result AOP_PCODE=_OPTION_REGbits, size=2, left -=-, size=0, right AOP_LIT=0x01, size
                            =1
                      00803 ;;; /home/sdcc-builder/build/sdcc-build/orig/sdcc/src/pic14/gen.c:6249:genPackBits *{*
                      00804 ;; ***  genPackBits  6250
                      00805 ;;      833: aopGet AOP_PCODE type PO_IMMEDIATE
                      00806 ;;      _OPTION_REGbits
                      00807 ;; >>> /home/sdcc-builder/build/sdcc-build/orig/sdcc/src/pic14/gen.c:6275:genPackBits
0040   14??           00808         BSF     _OPTION_REGbits,0
                      00809 ;;; /home/sdcc-builder/build/sdcc-build/orig/sdcc/src/pic14/gen.c:2316:resultRemat *{*
                      00810 ;;; /home/sdcc-builder/build/sdcc-build/orig/sdcc/src/pic14/gen.c:2316:resultRemat *{*
                      00811 ;;; /home/sdcc-builder/build/sdcc-build/orig/sdcc/src/pic14/gen.c:6686:genPointerSet *{*
                      00812 ;; ***  genPointerSet  6687
                      00813 ;;; /home/sdcc-builder/build/sdcc-build/orig/sdcc/src/pic14/gen.c:6505:genNearPointerSet *{*
                      00814 ;; ***  genNearPointerSet  6506
                      00815 ;;      613
                      00816 ;;      aopForRemat 392
                      00817 ;;      418: rname _OPTION_REGbits, val 0, const = 0
                      00818 ;; ***  genNearPointerSet  6521
                      00819 ;;      833: aopGet AOP_PCODE type PO_IMMEDIATE
                      00820 ;;      _OPTION_REGbits
                      00821 ;;      line = 6523 result AOP_PCODE=_OPTION_REGbits, size=2, left -=-, size=0, right AOP_LIT=0x00, size
                            =1
                      00822 ;;; /home/sdcc-builder/build/sdcc-build/orig/sdcc/src/pic14/gen.c:6249:genPackBits *{*
                      00823 ;; ***  genPackBits  6250
                      00824 ;;      833: aopGet AOP_PCODE type PO_IMMEDIATE
                      00825 ;;      _OPTION_REGbits
                      00826 ;; >>> /home/sdcc-builder/build/sdcc-build/orig/sdcc/src/pic14/gen.c:6275:genPackBits
0041   11??           00827         BCF     _OPTION_REGbits,3
                      00828 ;;; /home/sdcc-builder/build/sdcc-build/orig/sdcc/src/pic14/gen.c:2316:resultRemat *{*
                      00829 ;;; /home/sdcc-builder/build/sdcc-build/orig/sdcc/src/pic14/gen.c:2316:resultRemat *{*
                      00830 ;;; /home/sdcc-builder/build/sdcc-build/orig/sdcc/src/pic14/gen.c:6686:genPointerSet *{*
                      00831 ;; ***  genPointerSet  6687
gpasm-1.4.0 #1106 (Oct  6 2014) obj\Debug\OS.   12-27-2019  16:45:01        PAGE 17


LOC    OBJECT CODE    LINE  SOURCE TEXT
  VALUE

                      00832 ;;; /home/sdcc-builder/build/sdcc-build/orig/sdcc/src/pic14/gen.c:6505:genNearPointerSet *{*
                      00833 ;; ***  genNearPointerSet  6506
                      00834 ;;      613
                      00835 ;;      aopForRemat 392
                      00836 ;;      418: rname _OPTION_REGbits, val 0, const = 0
                      00837 ;; ***  genNearPointerSet  6521
                      00838 ;;      833: aopGet AOP_PCODE type PO_IMMEDIATE
                      00839 ;;      _OPTION_REGbits
                      00840 ;;      line = 6523 result AOP_PCODE=_OPTION_REGbits, size=2, left -=-, size=0, right AOP_LIT=0x01, size
                            =1
                      00841 ;;; /home/sdcc-builder/build/sdcc-build/orig/sdcc/src/pic14/gen.c:6249:genPackBits *{*
                      00842 ;; ***  genPackBits  6250
                      00843 ;;      833: aopGet AOP_PCODE type PO_IMMEDIATE
                      00844 ;;      _OPTION_REGbits
                      00845 ;; >>> /home/sdcc-builder/build/sdcc-build/orig/sdcc/src/pic14/gen.c:6275:genPackBits
                      00846         .line   11; "OS.c"      TMR_DISABLE_CLOCK;
0042   16??           00847         BSF     _OPTION_REGbits,5
                      00848 ;;; /home/sdcc-builder/build/sdcc-build/orig/sdcc/src/pic14/gen.c:2316:resultRemat *{*
                      00849 ;;; /home/sdcc-builder/build/sdcc-build/orig/sdcc/src/pic14/gen.c:6927:genAssign *{*
                      00850 ;; ***  genAssign  6928
                      00851 ;; ***  aopForSym 315
                      00852 ;;      327 sym->rname = _OS_Flag, size = 1
                      00853 ;;      line = 6937 result AOP_DIR=_OS_Flag, size=1, left -=-, size=0, right AOP_LIT=0x00, size=1
                      00854 ;; ***  genAssign  7023
                      00855 ;; >>> /home/sdcc-builder/build/sdcc-build/orig/sdcc/src/pic14/gen.c:7035:genAssign
                      00856 ;;      1009
                      00857 ;;      1028  _OS_Flag   offset=0
                      00858         .line   12; "OS.c"      OS_Flag = 0;
0043   ???? ????      00859         BANKSEL _OS_Flag
0045   01??           00860         CLRF    _OS_Flag
                      00861 ;;; /home/sdcc-builder/build/sdcc-build/orig/sdcc/src/pic14/gen.c:2316:resultRemat *{*
                      00862 ;;; /home/sdcc-builder/build/sdcc-build/orig/sdcc/src/pic14/gen.c:2316:resultRemat *{*
                      00863 ;;; /home/sdcc-builder/build/sdcc-build/orig/sdcc/src/pic14/gen.c:6686:genPointerSet *{*
                      00864 ;; ***  genPointerSet  6687
                      00865 ;;; /home/sdcc-builder/build/sdcc-build/orig/sdcc/src/pic14/gen.c:6505:genNearPointerSet *{*
                      00866 ;; ***  genNearPointerSet  6506
                      00867 ;;      613
                      00868 ;;      aopForRemat 392
                      00869 ;;      418: rname _TRISCbits, val 0, const = 0
                      00870 ;; ***  genNearPointerSet  6521
                      00871 ;;      833: aopGet AOP_PCODE type PO_IMMEDIATE
                      00872 ;;      _TRISCbits
                      00873 ;;      line = 6523 result AOP_PCODE=_TRISCbits, size=2, left -=-, size=0, right AOP_LIT=0x00, size=1
                      00874 ;;; /home/sdcc-builder/build/sdcc-build/orig/sdcc/src/pic14/gen.c:6249:genPackBits *{*
                      00875 ;; ***  genPackBits  6250
                      00876 ;;      833: aopGet AOP_PCODE type PO_IMMEDIATE
                      00877 ;;      _TRISCbits
                      00878 ;; >>> /home/sdcc-builder/build/sdcc-build/orig/sdcc/src/pic14/gen.c:6275:genPackBits
                      00879         .line   13; "OS.c"      TRISC7=0;
0046   ???? ????      00880         BANKSEL _TRISCbits
0048   13??           00881         BCF     _TRISCbits,7
                      00882 ;;; /home/sdcc-builder/build/sdcc-build/orig/sdcc/src/pic14/gen.c:2316:resultRemat *{*
                      00883 ;;; /home/sdcc-builder/build/sdcc-build/orig/sdcc/src/pic14/gen.c:2316:resultRemat *{*
gpasm-1.4.0 #1106 (Oct  6 2014) obj\Debug\OS.   12-27-2019  16:45:01        PAGE 18


LOC    OBJECT CODE    LINE  SOURCE TEXT
  VALUE

                      00884 ;;; /home/sdcc-builder/build/sdcc-build/orig/sdcc/src/pic14/gen.c:6686:genPointerSet *{*
                      00885 ;; ***  genPointerSet  6687
                      00886 ;;; /home/sdcc-builder/build/sdcc-build/orig/sdcc/src/pic14/gen.c:6505:genNearPointerSet *{*
                      00887 ;; ***  genNearPointerSet  6506
                      00888 ;;      613
                      00889 ;;      aopForRemat 392
                      00890 ;;      418: rname _PORTCbits, val 0, const = 0
                      00891 ;; ***  genNearPointerSet  6521
                      00892 ;;      833: aopGet AOP_PCODE type PO_IMMEDIATE
                      00893 ;;      _PORTCbits
                      00894 ;;      line = 6523 result AOP_PCODE=_PORTCbits, size=2, left -=-, size=0, right AOP_LIT=0x00, size=1
                      00895 ;;; /home/sdcc-builder/build/sdcc-build/orig/sdcc/src/pic14/gen.c:6249:genPackBits *{*
                      00896 ;; ***  genPackBits  6250
                      00897 ;;      833: aopGet AOP_PCODE type PO_IMMEDIATE
                      00898 ;;      _PORTCbits
                      00899 ;; >>> /home/sdcc-builder/build/sdcc-build/orig/sdcc/src/pic14/gen.c:6275:genPackBits
                      00900         .line   14; "OS.c"      RC7=0;
0049   ???? ????      00901         BANKSEL _PORTCbits
004B   13??           00902         BCF     _PORTCbits,7
                      00903 ;;; /home/sdcc-builder/build/sdcc-build/orig/sdcc/src/pic14/gen.c:2316:resultRemat *{*
                      00904 ;;; /home/sdcc-builder/build/sdcc-build/orig/sdcc/src/pic14/gen.c:2760:genLabel *{*
                      00905 ;; ***  genLabel  2763
                      00906 ;;; /home/sdcc-builder/build/sdcc-build/orig/sdcc/src/pic14/gen.c:2316:resultRemat *{*
                      00907 ;;; /home/sdcc-builder/build/sdcc-build/orig/sdcc/src/pic14/gen.c:2528:genEndFunction *{*
                      00908 ;; ***  genEndFunction  2530
004C   0008           00909         RETURN  
                      00910 ; exit point of _OS_Init
                      00911 ;;; /home/sdcc-builder/build/sdcc-build/orig/sdcc/src/pic14/gen.c:7426:genpic14Code *{*
                      00912 
                      00913 
                      00914 ;       code size estimation:
                      00915 ;          76+   32 =   108 instructions (  280 byte)
                      00916 
                      00917         end
gpasm-1.4.0 #1106 (Oct  6 2014) obj\Debug\OS.   12-27-2019  16:45:01        PAGE 19


SYMBOL TABLE
  LABEL                             VALUE

ACKDT                             00000005
ACKEN                             00000004
ACKSTAT                           00000006
ADCON0                            0000001F
ADCON1                            0000009F
ADCS0                             00000006
ADCS1                             00000007
ADCS2                             00000006
ADDEN                             00000003
ADFM                              00000007
ADIE                              00000006
ADIF                              00000006
ADON                              00000000
ADRESH                            0000001E
ADRESL                            0000009E
BCLIE                             00000003
BCLIF                             00000003
BF                                00000000
BRGH                              00000002
C                                 00000000
C1INV                             00000004
C1OUT                             00000006
C2INV                             00000005
C2OUT                             00000007
CCP1CON                           00000017
CCP1IE                            00000002
CCP1IF                            00000002
CCP1M0                            00000000
CCP1M1                            00000001
CCP1M2                            00000002
CCP1M3                            00000003
CCP1X                             00000005
CCP1Y                             00000004
CCP2CON                           0000001D
CCP2IE                            00000000
CCP2IF                            00000000
CCP2M0                            00000000
CCP2M1                            00000001
CCP2M2                            00000002
CCP2M3                            00000003
CCP2X                             00000005
CCP2Y                             00000004
CCPR1                             00000015
CCPR1H                            00000016
CCPR1L                            00000015
CCPR2                             0000001B
CCPR2H                            0000001C
CCPR2L                            0000001B
CHS0                              00000003
CHS1                              00000004
CHS2                              00000005
CIS                               00000003
CKE                               00000006
gpasm-1.4.0 #1106 (Oct  6 2014) obj\Debug\OS.   12-27-2019  16:45:01        PAGE 20


SYMBOL TABLE
  LABEL                             VALUE 

CKP                               00000004
CM0                               00000000
CM1                               00000001
CM2                               00000002
CMCON                             0000009C
CMIE                              00000006
CMIF                              00000006
CREN                              00000004
CSRC                              00000007
CVR0                              00000000
CVR1                              00000001
CVR2                              00000002
CVR3                              00000003
CVRCON                            0000009D
CVREN                             00000007
CVROE                             00000006
CVRR                              00000005
D                                 00000005
DATA_ADDRESS                      00000005
DC                                00000001
D_A                               00000005
D_NOT_A                           00000005
EEADR                             0000010D
EEADRH                            0000010F
EECON1                            0000018C
EECON2                            0000018D
EEDATA                            0000010C
EEDATH                            0000010E
EEIE                              00000004
EEIF                              00000004
EEPGD                             00000007
END_OF_INTERRUPT                  00000042
F                                 00000001
FERR                              00000002
FSR                               00000004
GCEN                              00000007
GIE                               00000007
GO                                00000002
GO_DONE                           00000002
GO_NOT_DONE                       00000002
I2C_DATA                          00000005
I2C_READ                          00000002
I2C_START                         00000003
I2C_STOP                          00000004
IBF                               00000007
IBOV                              00000005
INDF                              00000000
INTCON                            0000000B
INTE                              00000004
INTEDG                            00000006
INTF                              00000001
IRP                               00000007
NOT_A                             00000005
gpasm-1.4.0 #1106 (Oct  6 2014) obj\Debug\OS.   12-27-2019  16:45:01        PAGE 21


SYMBOL TABLE
  LABEL                             VALUE 

NOT_ADDRESS                       00000005
NOT_BO                            00000000
NOT_BOR                           00000000
NOT_DONE                          00000002
NOT_PD                            00000003
NOT_POR                           00000001
NOT_RBPU                          00000007
NOT_RC8                           00000006
NOT_T1SYNC                        00000002
NOT_TO                            00000004
NOT_TX8                           00000006
NOT_W                             00000002
NOT_WRITE                         00000002
OBF                               00000006
OERR                              00000001
OPTION_REG                        00000081
P                                 00000004
PCFG0                             00000000
PCFG1                             00000001
PCFG2                             00000002
PCFG3                             00000003
PCL                               00000002
PCLATH                            0000000A
PCON                              0000008E
PEIE                              00000006
PEN                               00000002
PIE1                              0000008C
PIE2                              0000008D
PIR1                              0000000C
PIR2                              0000000D
PORTA                             00000005
PORTB                             00000006
PORTC                             00000007
PORTD                             00000008
PORTE                             00000009
PR2                               00000092
PS0                               00000000
PS1                               00000001
PS2                               00000002
PSA                               00000003
PSAVE                             00000000
PSPIE                             00000007
PSPIF                             00000007
PSPMODE                           00000004
R                                 00000002
RA0                               00000000
RA1                               00000001
RA2                               00000002
RA3                               00000003
RA4                               00000004
RA5                               00000005
RB0                               00000000
RB1                               00000001
gpasm-1.4.0 #1106 (Oct  6 2014) obj\Debug\OS.   12-27-2019  16:45:01        PAGE 22


SYMBOL TABLE
  LABEL                             VALUE 

RB2                               00000002
RB3                               00000003
RB4                               00000004
RB5                               00000005
RB6                               00000006
RB7                               00000007
RBIE                              00000003
RBIF                              00000000
RC0                               00000000
RC1                               00000001
RC2                               00000002
RC3                               00000003
RC4                               00000004
RC5                               00000005
RC6                               00000006
RC7                               00000007
RC8_9                             00000006
RC9                               00000006
RCD8                              00000000
RCEN                              00000003
RCIE                              00000005
RCIF                              00000005
RCREG                             0000001A
RCSTA                             00000018
RD                                00000000
RD0                               00000000
RD1                               00000001
RD2                               00000002
RD3                               00000003
RD4                               00000004
RD5                               00000005
RD6                               00000006
RD7                               00000007
RE0                               00000000
RE1                               00000001
RE2                               00000002
READ_WRITE                        00000002
RP0                               00000005
RP1                               00000006
RSEN                              00000001
RX9                               00000006
RX9D                              00000000
R_NOT_W                           00000002
R_W                               00000002
S                                 00000003
SEN                               00000000
SMP                               00000007
SPBRG                             00000099
SPEN                              00000007
SREN                              00000005
SSAVE                             00000000
SSPADD                            00000093
SSPBUF                            00000013
gpasm-1.4.0 #1106 (Oct  6 2014) obj\Debug\OS.   12-27-2019  16:45:01        PAGE 23


SYMBOL TABLE
  LABEL                             VALUE 

SSPCON                            00000014
SSPCON2                           00000091
SSPEN                             00000005
SSPIE                             00000003
SSPIF                             00000003
SSPM0                             00000000
SSPM1                             00000001
SSPM2                             00000002
SSPM3                             00000003
SSPOV                             00000006
SSPSTAT                           00000094
STATUS                            00000003
STK00                             00000000
STK01                             00000000
STK02                             00000000
STK03                             00000000
STK04                             00000000
STK05                             00000000
STK06                             00000000
STK07                             00000000
STK08                             00000000
STK09                             00000000
STK10                             00000000
STK11                             00000000
STK12                             00000000
SYNC                              00000004
T0CS                              00000005
T0IE                              00000005
T0IF                              00000002
T0SE                              00000004
T1CKPS0                           00000004
T1CKPS1                           00000005
T1CON                             00000010
T1INSYNC                          00000002
T1OSCEN                           00000003
T1SYNC                            00000002
T2CKPS0                           00000000
T2CKPS1                           00000001
T2CON                             00000012
TMR0                              00000001
TMR0IE                            00000005
TMR0IF                            00000002
TMR1                              0000000E
TMR1CS                            00000001
TMR1H                             0000000F
TMR1IE                            00000000
TMR1IF                            00000000
TMR1L                             0000000E
TMR1ON                            00000000
TMR2                              00000011
TMR2IE                            00000001
TMR2IF                            00000001
TMR2ON                            00000002
gpasm-1.4.0 #1106 (Oct  6 2014) obj\Debug\OS.   12-27-2019  16:45:01        PAGE 24


SYMBOL TABLE
  LABEL                             VALUE 

TOUTPS0                           00000003
TOUTPS1                           00000004
TOUTPS2                           00000005
TOUTPS3                           00000006
TRISA                             00000085
TRISA0                            00000000
TRISA1                            00000001
TRISA2                            00000002
TRISA3                            00000003
TRISA4                            00000004
TRISA5                            00000005
TRISB                             00000086
TRISB0                            00000000
TRISB1                            00000001
TRISB2                            00000002
TRISB3                            00000003
TRISB4                            00000004
TRISB5                            00000005
TRISB6                            00000006
TRISB7                            00000007
TRISC                             00000087
TRISC0                            00000000
TRISC1                            00000001
TRISC2                            00000002
TRISC3                            00000003
TRISC4                            00000004
TRISC5                            00000005
TRISC6                            00000006
TRISC7                            00000007
TRISD                             00000088
TRISD0                            00000000
TRISD1                            00000001
TRISD2                            00000002
TRISD3                            00000003
TRISD4                            00000004
TRISD5                            00000005
TRISD6                            00000006
TRISD7                            00000007
TRISE                             00000089
TRISE0                            00000000
TRISE1                            00000001
TRISE2                            00000002
TRMT                              00000001
TX8_9                             00000006
TX9                               00000006
TX9D                              00000000
TXD8                              00000000
TXEN                              00000005
TXIE                              00000004
TXIF                              00000004
TXREG                             00000019
TXSTA                             00000098
UA                                00000001
gpasm-1.4.0 #1106 (Oct  6 2014) obj\Debug\OS.   12-27-2019  16:45:01        PAGE 25


SYMBOL TABLE
  LABEL                             VALUE 

W                                 00000000
WCOL                              00000007
WR                                00000001
WREN                              00000002
WRERR                             00000003
WSAVE                             00000000
Z                                 00000002
_00001_DS_                        0000001E
_00002_DS_                        0000002C
_00003_DS_                        00000031
_00121_DS_                        00000000
_ADCON0                           00000000
_ADCON0bits                       00000000
_ADCON1                           00000000
_ADCON1bits                       00000000
_ADRESH                           00000000
_ADRESL                           00000000
_BODEN_OFF                        00003FBF
_BODEN_ON                         00003FFF
_BOREN_OFF                        00003FBF
_BOREN_ON                         00003FFF
_CCP1CON                          00000000
_CCP1CONbits                      00000000
_CCP2CON                          00000000
_CCP2CONbits                      00000000
_CCPR1                            00000000
_CCPR1H                           00000000
_CCPR1L                           00000000
_CCPR2                            00000000
_CCPR2H                           00000000
_CCPR2L                           00000000
_CMCON                            00000000
_CMCONbits                        00000000
_CNT_GetCounter                   00000000
_CNT_Init                         00000000
_CNT_Update                       00000000
_CONFIG                           00002007
_CPD_OFF                          00003FFF
_CPD_ON                           00003EFF
_CP_ALL                           00001FFF
_CP_OFF                           00003FFF
_CP_ON                            00001FFF
_CVRCON                           00000000
_CVRCONbits                       00000000
_DEBUG_OFF                        00003FFF
_DEBUG_ON                         000037FF
_DEVID1                           00002006
_DISP_Init                        00000000
_DISP_Update                      00000000
_EEADR                            00000000
_EEADRH                           00000000
_EECON1                           00000000
_EECON1bits                       00000000
gpasm-1.4.0 #1106 (Oct  6 2014) obj\Debug\OS.   12-27-2019  16:45:01        PAGE 26


SYMBOL TABLE
  LABEL                             VALUE 

_EECON2                           00000000
_EEDATA                           00000000
_EEDATH                           00000000
_FOSC_EXTRC                       00003FFF
_FOSC_HS                          00003FFE
_FOSC_LP                          00003FFC
_FOSC_XT                          00003FFD
_FSR                              00000000
_HS_OSC                           00003FFE
_IDLOC0                           00002000
_IDLOC1                           00002001
_IDLOC2                           00002002
_IDLOC3                           00002003
_INDF                             00000000
_INTCON                           00000000
_INTCONbits                       00000000
_LP_OSC                           00003FFC
_LVP_OFF                          00003F7F
_LVP_ON                           00003FFF
_OPTION_REG                       00000000
_OPTION_REGbits                   00000000
_OS_Flag                          00000000
_OS_GoToSleep                     0000001D
_OS_Init                          0000003C
_OS_Schedule                      00000000
_OS_Start                         0000001E
_OS_Update                        00000004
_PCL                              00000000
_PCLATH                           00000000
_PCON                             00000000
_PCONbits                         00000000
_PIE1                             00000000
_PIE1bits                         00000000
_PIE2                             00000000
_PIE2bits                         00000000
_PIR1                             00000000
_PIR1bits                         00000000
_PIR2                             00000000
_PIR2bits                         00000000
_PORTA                            00000000
_PORTAbits                        00000000
_PORTB                            00000000
_PORTBbits                        00000000
_PORTC                            00000000
_PORTCbits                        00000000
_PORTD                            00000000
_PORTDbits                        00000000
_PORTE                            00000000
_PORTEbits                        00000000
_PR2                              00000000
_PWRTE_OFF                        00003FFF
_PWRTE_ON                         00003FF7
_RCREG                            00000000
gpasm-1.4.0 #1106 (Oct  6 2014) obj\Debug\OS.   12-27-2019  16:45:01        PAGE 27


SYMBOL TABLE
  LABEL                             VALUE 

_RCSTA                            00000000
_RCSTAbits                        00000000
_RC_OSC                           00003FFF
_SPBRG                            00000000
_SSD_GetState                     00000000
_SSD_GetSymbol                    00000000
_SSD_Init                         00000000
_SSD_SetState                     00000000
_SSD_SetSymbol                    00000000
_SSD_Update                       00000000
_SSPADD                           00000000
_SSPBUF                           00000000
_SSPCON                           00000000
_SSPCON2                          00000000
_SSPCON2bits                      00000000
_SSPCONbits                       00000000
_SSPSTAT                          00000000
_SSPSTATbits                      00000000
_STATUS                           00000000
_STATUSbits                       00000000
_SW_GetState                      00000000
_SW_Init                          00000000
_SW_Update                        00000000
_T1CON                            00000000
_T1CONbits                        00000000
_T2CON                            00000000
_T2CONbits                        00000000
_TMR0                             00000000
_TMR1                             00000000
_TMR1H                            00000000
_TMR1L                            00000000
_TMR2                             00000000
_TRISA                            00000000
_TRISAbits                        00000000
_TRISB                            00000000
_TRISBbits                        00000000
_TRISC                            00000000
_TRISCbits                        00000000
_TRISD                            00000000
_TRISDbits                        00000000
_TRISE                            00000000
_TRISEbits                        00000000
_TXREG                            00000000
_TXSTA                            00000000
_TXSTAbits                        00000000
_WDTE_OFF                         00003FFB
_WDTE_ON                          00003FFF
_WDT_OFF                          00003FFB
_WDT_ON                           00003FFF
_WRT_1FOURTH                      00003BFF
_WRT_256                          00003DFF
_WRT_HALF                         000039FF
_WRT_OFF                          00003FFF
gpasm-1.4.0 #1106 (Oct  6 2014) obj\Debug\OS.   12-27-2019  16:45:01        PAGE 28


SYMBOL TABLE
  LABEL                             VALUE 

_XT_OSC                           00003FFD
__16F877A                         00000001
__CODE_END                        00001FFF
__CODE_START                      00000000
__COMMON_RAM_END                  0000007F
__COMMON_RAM_START                00000070
__EEPROM_END                      000021FF
__EEPROM_START                    00002100
__VECTOR_INT                      00000004
__VECTOR_RESET                    00000000
___sdcc_saved_fsr                 00000000
__mulchar                         00000000
__sdcc_interrupt                  00000004
_code_OS_000A                     0000000A
_code_OS_000F                     0000000F
_code_OS_0014                     00000014
_code_OS_0019                     00000019
_code_OS_002C                     0000002C
r0x1002                           00000000
r0x1004                           00000001
r0x1005                           00000002

Errors   :     0
Warnings :     0 reported,     0 suppressed
Messages :     0 reported,     0 suppressed

